<?xml version='1.0' encoding='utf-8'?>
<testsuite name="Pcap++Test" tests="16" failures="16" errors="0" skipped="0"><testcase classname="PcapNgCopy.StructureAndFiltering" name="PcapNgCopy.StructureAndFiltering"><failure message="test command failed">[  1%] Built target hash-library
[ 11%] Built target light_pcapng
[ 20%] Built target Common++
[ 88%] Built target Packet++
[ 96%] Built target Pcap++
[ 98%] Building CXX object Tests/PcapNgCopyTest/CMakeFiles/PcapNgCopyTest.dir/PcapNgCopyTest.cpp.o
/app/Tests/PcapNgCopyTest/PcapNgCopyTest.cpp: In function ‘bool {anonymous}::copyTcp(const std::string&amp;, const std::string&amp;)’:
/app/Tests/PcapNgCopyTest/PcapNgCopyTest.cpp:724:31: error: ‘class pcpp::PcapNgFileReaderDevice’ has no member named ‘copyFiltered’
  724 |                 return reader.copyFiltered(output);
      |                               ^~~~~~~~~~~~
/app/Tests/PcapNgCopyTest/PcapNgCopyTest.cpp: In function ‘void {anonymous}::testStructureAndFiltering()’:
/app/Tests/PcapNgCopyTest/PcapNgCopyTest.cpp:780:37: error: ‘const class pcpp::PcapNgFileReaderDevice’ has no member named ‘copyFiltered’
  780 |                 require(constReader.copyFiltered(output), "filtered copy failed");
      |                                     ^~~~~~~~~~~~
/app/Tests/PcapNgCopyTest/PcapNgCopyTest.cpp: In function ‘void {anonymous}::testInPlaceReplacement()’:
/app/Tests/PcapNgCopyTest/PcapNgCopyTest.cpp:793:32: error: ‘class pcpp::PcapNgFileReaderDevice’ has no member named ‘copyFiltered’
  793 |                 require(reader.copyFiltered(path), "same-path filtered copy failed");
      |                                ^~~~~~~~~~~~
/app/Tests/PcapNgCopyTest/PcapNgCopyTest.cpp: In function ‘void {anonymous}::testFilterState()’:
/app/Tests/PcapNgCopyTest/PcapNgCopyTest.cpp:859:32: error: ‘class pcpp::PcapNgFileReaderDevice’ has no member named ‘copyFiltered’
  859 |                 require(reader.copyFiltered(output), "non-TCP filtered copy failed");
      |                                ^~~~~~~~~~~~
/app/Tests/PcapNgCopyTest/PcapNgCopyTest.cpp: In function ‘void {anonymous}::testDefaultAndClearedFilter()’:
/app/Tests/PcapNgCopyTest/PcapNgCopyTest.cpp:873:32: error: ‘class pcpp::PcapNgFileReaderDevice’ has no member named ‘copyFiltered’
  873 |                 require(reader.copyFiltered(defaultOutput), "copy with the default filter failed");
      |                                ^~~~~~~~~~~~
/app/Tests/PcapNgCopyTest/PcapNgCopyTest.cpp:878:32: error: ‘class pcpp::PcapNgFileReaderDevice’ has no member named ‘copyFiltered’
  878 |                 require(reader.copyFiltered(clearedOutput), "copy with a cleared filter failed");
      |                                ^~~~~~~~~~~~
/app/Tests/PcapNgCopyTest/PcapNgCopyTest.cpp: In function ‘void {anonymous}::testReaderLifecycle()’:
/app/Tests/PcapNgCopyTest/PcapNgCopyTest.cpp:921:32: error: ‘class pcpp::PcapNgFileReaderDevice’ has no member named ‘copyFiltered’
  921 |                 require(reader.copyFiltered(output), "copy while open failed");
      |                                ^~~~~~~~~~~~
/app/Tests/PcapNgCopyTest/PcapNgCopyTest.cpp:925:32: error: ‘class pcpp::PcapNgFileReaderDevice’ has no member named ‘copyFiltered’
  925 |                 require(reader.copyFiltered(outputAfterClose), "copy after close failed");
      |                                ^~~~~~~~~~~~
/app/Tests/PcapNgCopyTest/PcapNgCopyTest.cpp: In function ‘void {anonymous}::testUnsupportedAndIo()’:
/app/Tests/PcapNgCopyTest/PcapNgCopyTest.cpp:1062:33: error: ‘class pcpp::PcapNgFileReaderDevice’ has no member named ‘copyFiltered’
 1062 |                 require(!reader.copyFiltered("."), "directory output was accepted");
      |                                 ^~~~~~~~~~~~
gmake[3]: *** [Tests/PcapNgCopyTest/CMakeFiles/PcapNgCopyTest.dir/build.make:79: Tests/PcapNgCopyTest/CMakeFiles/PcapNgCopyTest.dir/PcapNgCopyTest.cpp.o] Error 1
gmake[2]: *** [CMakeFiles/Makefile2:1700: Tests/PcapNgCopyTest/CMakeFiles/PcapNgCopyTest.dir/all] Error 2
gmake[1]: *** [CMakeFiles/Makefile2:1707: Tests/PcapNgCopyTest/CMakeFiles/PcapNgCopyTest.dir/rule] Error 2
gmake: *** [Makefile:673: PcapNgCopyTest] Error 2
</failure></testcase><testcase classname="PcapNgCopy.InPlaceReplacement" name="PcapNgCopy.InPlaceReplacement"><failure message="test command failed">[  1%] Built target hash-library
[ 11%] Built target light_pcapng
[ 20%] Built target Common++
[ 88%] Built target Packet++
[ 96%] Built target Pcap++
[ 98%] Building CXX object Tests/PcapNgCopyTest/CMakeFiles/PcapNgCopyTest.dir/PcapNgCopyTest.cpp.o
/app/Tests/PcapNgCopyTest/PcapNgCopyTest.cpp: In function ‘bool {anonymous}::copyTcp(const std::string&amp;, const std::string&amp;)’:
/app/Tests/PcapNgCopyTest/PcapNgCopyTest.cpp:724:31: error: ‘class pcpp::PcapNgFileReaderDevice’ has no member named ‘copyFiltered’
  724 |                 return reader.copyFiltered(output);
      |                               ^~~~~~~~~~~~
/app/Tests/PcapNgCopyTest/PcapNgCopyTest.cpp: In function ‘void {anonymous}::testStructureAndFiltering()’:
/app/Tests/PcapNgCopyTest/PcapNgCopyTest.cpp:780:37: error: ‘const class pcpp::PcapNgFileReaderDevice’ has no member named ‘copyFiltered’
  780 |                 require(constReader.copyFiltered(output), "filtered copy failed");
      |                                     ^~~~~~~~~~~~
/app/Tests/PcapNgCopyTest/PcapNgCopyTest.cpp: In function ‘void {anonymous}::testInPlaceReplacement()’:
/app/Tests/PcapNgCopyTest/PcapNgCopyTest.cpp:793:32: error: ‘class pcpp::PcapNgFileReaderDevice’ has no member named ‘copyFiltered’
  793 |                 require(reader.copyFiltered(path), "same-path filtered copy failed");
      |                                ^~~~~~~~~~~~
/app/Tests/PcapNgCopyTest/PcapNgCopyTest.cpp: In function ‘void {anonymous}::testFilterState()’:
/app/Tests/PcapNgCopyTest/PcapNgCopyTest.cpp:859:32: error: ‘class pcpp::PcapNgFileReaderDevice’ has no member named ‘copyFiltered’
  859 |                 require(reader.copyFiltered(output), "non-TCP filtered copy failed");
      |                                ^~~~~~~~~~~~
/app/Tests/PcapNgCopyTest/PcapNgCopyTest.cpp: In function ‘void {anonymous}::testDefaultAndClearedFilter()’:
/app/Tests/PcapNgCopyTest/PcapNgCopyTest.cpp:873:32: error: ‘class pcpp::PcapNgFileReaderDevice’ has no member named ‘copyFiltered’
  873 |                 require(reader.copyFiltered(defaultOutput), "copy with the default filter failed");
      |                                ^~~~~~~~~~~~
/app/Tests/PcapNgCopyTest/PcapNgCopyTest.cpp:878:32: error: ‘class pcpp::PcapNgFileReaderDevice’ has no member named ‘copyFiltered’
  878 |                 require(reader.copyFiltered(clearedOutput), "copy with a cleared filter failed");
      |                                ^~~~~~~~~~~~
/app/Tests/PcapNgCopyTest/PcapNgCopyTest.cpp: In function ‘void {anonymous}::testReaderLifecycle()’:
/app/Tests/PcapNgCopyTest/PcapNgCopyTest.cpp:921:32: error: ‘class pcpp::PcapNgFileReaderDevice’ has no member named ‘copyFiltered’
  921 |                 require(reader.copyFiltered(output), "copy while open failed");
      |                                ^~~~~~~~~~~~
/app/Tests/PcapNgCopyTest/PcapNgCopyTest.cpp:925:32: error: ‘class pcpp::PcapNgFileReaderDevice’ has no member named ‘copyFiltered’
  925 |                 require(reader.copyFiltered(outputAfterClose), "copy after close failed");
      |                                ^~~~~~~~~~~~
/app/Tests/PcapNgCopyTest/PcapNgCopyTest.cpp: In function ‘void {anonymous}::testUnsupportedAndIo()’:
/app/Tests/PcapNgCopyTest/PcapNgCopyTest.cpp:1062:33: error: ‘class pcpp::PcapNgFileReaderDevice’ has no member named ‘copyFiltered’
 1062 |                 require(!reader.copyFiltered("."), "directory output was accepted");
      |                                 ^~~~~~~~~~~~
gmake[3]: *** [Tests/PcapNgCopyTest/CMakeFiles/PcapNgCopyTest.dir/build.make:79: Tests/PcapNgCopyTest/CMakeFiles/PcapNgCopyTest.dir/PcapNgCopyTest.cpp.o] Error 1
gmake[2]: *** [CMakeFiles/Makefile2:1700: Tests/PcapNgCopyTest/CMakeFiles/PcapNgCopyTest.dir/all] Error 2
gmake[1]: *** [CMakeFiles/Makefile2:1707: Tests/PcapNgCopyTest/CMakeFiles/PcapNgCopyTest.dir/rule] Error 2
gmake: *** [Makefile:673: PcapNgCopyTest] Error 2
</failure></testcase><testcase classname="PcapNgCopy.InterfaceSelection" name="PcapNgCopy.InterfaceSelection"><failure message="test command failed">[  1%] Built target hash-library
[ 11%] Built target light_pcapng
[ 20%] Built target Common++
[ 88%] Built target Packet++
[ 96%] Built target Pcap++
[ 98%] Building CXX object Tests/PcapNgCopyTest/CMakeFiles/PcapNgCopyTest.dir/PcapNgCopyTest.cpp.o
/app/Tests/PcapNgCopyTest/PcapNgCopyTest.cpp: In function ‘bool {anonymous}::copyTcp(const std::string&amp;, const std::string&amp;)’:
/app/Tests/PcapNgCopyTest/PcapNgCopyTest.cpp:724:31: error: ‘class pcpp::PcapNgFileReaderDevice’ has no member named ‘copyFiltered’
  724 |                 return reader.copyFiltered(output);
      |                               ^~~~~~~~~~~~
/app/Tests/PcapNgCopyTest/PcapNgCopyTest.cpp: In function ‘void {anonymous}::testStructureAndFiltering()’:
/app/Tests/PcapNgCopyTest/PcapNgCopyTest.cpp:780:37: error: ‘const class pcpp::PcapNgFileReaderDevice’ has no member named ‘copyFiltered’
  780 |                 require(constReader.copyFiltered(output), "filtered copy failed");
      |                                     ^~~~~~~~~~~~
/app/Tests/PcapNgCopyTest/PcapNgCopyTest.cpp: In function ‘void {anonymous}::testInPlaceReplacement()’:
/app/Tests/PcapNgCopyTest/PcapNgCopyTest.cpp:793:32: error: ‘class pcpp::PcapNgFileReaderDevice’ has no member named ‘copyFiltered’
  793 |                 require(reader.copyFiltered(path), "same-path filtered copy failed");
      |                                ^~~~~~~~~~~~
/app/Tests/PcapNgCopyTest/PcapNgCopyTest.cpp: In function ‘void {anonymous}::testFilterState()’:
/app/Tests/PcapNgCopyTest/PcapNgCopyTest.cpp:859:32: error: ‘class pcpp::PcapNgFileReaderDevice’ has no member named ‘copyFiltered’
  859 |                 require(reader.copyFiltered(output), "non-TCP filtered copy failed");
      |                                ^~~~~~~~~~~~
/app/Tests/PcapNgCopyTest/PcapNgCopyTest.cpp: In function ‘void {anonymous}::testDefaultAndClearedFilter()’:
/app/Tests/PcapNgCopyTest/PcapNgCopyTest.cpp:873:32: error: ‘class pcpp::PcapNgFileReaderDevice’ has no member named ‘copyFiltered’
  873 |                 require(reader.copyFiltered(defaultOutput), "copy with the default filter failed");
      |                                ^~~~~~~~~~~~
/app/Tests/PcapNgCopyTest/PcapNgCopyTest.cpp:878:32: error: ‘class pcpp::PcapNgFileReaderDevice’ has no member named ‘copyFiltered’
  878 |                 require(reader.copyFiltered(clearedOutput), "copy with a cleared filter failed");
      |                                ^~~~~~~~~~~~
/app/Tests/PcapNgCopyTest/PcapNgCopyTest.cpp: In function ‘void {anonymous}::testReaderLifecycle()’:
/app/Tests/PcapNgCopyTest/PcapNgCopyTest.cpp:921:32: error: ‘class pcpp::PcapNgFileReaderDevice’ has no member named ‘copyFiltered’
  921 |                 require(reader.copyFiltered(output), "copy while open failed");
      |                                ^~~~~~~~~~~~
/app/Tests/PcapNgCopyTest/PcapNgCopyTest.cpp:925:32: error: ‘class pcpp::PcapNgFileReaderDevice’ has no member named ‘copyFiltered’
  925 |                 require(reader.copyFiltered(outputAfterClose), "copy after close failed");
      |                                ^~~~~~~~~~~~
/app/Tests/PcapNgCopyTest/PcapNgCopyTest.cpp: In function ‘void {anonymous}::testUnsupportedAndIo()’:
/app/Tests/PcapNgCopyTest/PcapNgCopyTest.cpp:1062:33: error: ‘class pcpp::PcapNgFileReaderDevice’ has no member named ‘copyFiltered’
 1062 |                 require(!reader.copyFiltered("."), "directory output was accepted");
      |                                 ^~~~~~~~~~~~
gmake[3]: *** [Tests/PcapNgCopyTest/CMakeFiles/PcapNgCopyTest.dir/build.make:79: Tests/PcapNgCopyTest/CMakeFiles/PcapNgCopyTest.dir/PcapNgCopyTest.cpp.o] Error 1
gmake[2]: *** [CMakeFiles/Makefile2:1700: Tests/PcapNgCopyTest/CMakeFiles/PcapNgCopyTest.dir/all] Error 2
gmake[1]: *** [CMakeFiles/Makefile2:1707: Tests/PcapNgCopyTest/CMakeFiles/PcapNgCopyTest.dir/rule] Error 2
gmake: *** [Makefile:673: PcapNgCopyTest] Error 2
</failure></testcase><testcase classname="PcapNgCopy.OptionPreservation" name="PcapNgCopy.OptionPreservation"><failure message="test command failed">[  1%] Built target hash-library
[ 11%] Built target light_pcapng
[ 20%] Built target Common++
[ 88%] Built target Packet++
[ 96%] Built target Pcap++
[ 98%] Building CXX object Tests/PcapNgCopyTest/CMakeFiles/PcapNgCopyTest.dir/PcapNgCopyTest.cpp.o
/app/Tests/PcapNgCopyTest/PcapNgCopyTest.cpp: In function ‘bool {anonymous}::copyTcp(const std::string&amp;, const std::string&amp;)’:
/app/Tests/PcapNgCopyTest/PcapNgCopyTest.cpp:724:31: error: ‘class pcpp::PcapNgFileReaderDevice’ has no member named ‘copyFiltered’
  724 |                 return reader.copyFiltered(output);
      |                               ^~~~~~~~~~~~
/app/Tests/PcapNgCopyTest/PcapNgCopyTest.cpp: In function ‘void {anonymous}::testStructureAndFiltering()’:
/app/Tests/PcapNgCopyTest/PcapNgCopyTest.cpp:780:37: error: ‘const class pcpp::PcapNgFileReaderDevice’ has no member named ‘copyFiltered’
  780 |                 require(constReader.copyFiltered(output), "filtered copy failed");
      |                                     ^~~~~~~~~~~~
/app/Tests/PcapNgCopyTest/PcapNgCopyTest.cpp: In function ‘void {anonymous}::testInPlaceReplacement()’:
/app/Tests/PcapNgCopyTest/PcapNgCopyTest.cpp:793:32: error: ‘class pcpp::PcapNgFileReaderDevice’ has no member named ‘copyFiltered’
  793 |                 require(reader.copyFiltered(path), "same-path filtered copy failed");
      |                                ^~~~~~~~~~~~
/app/Tests/PcapNgCopyTest/PcapNgCopyTest.cpp: In function ‘void {anonymous}::testFilterState()’:
/app/Tests/PcapNgCopyTest/PcapNgCopyTest.cpp:859:32: error: ‘class pcpp::PcapNgFileReaderDevice’ has no member named ‘copyFiltered’
  859 |                 require(reader.copyFiltered(output), "non-TCP filtered copy failed");
      |                                ^~~~~~~~~~~~
/app/Tests/PcapNgCopyTest/PcapNgCopyTest.cpp: In function ‘void {anonymous}::testDefaultAndClearedFilter()’:
/app/Tests/PcapNgCopyTest/PcapNgCopyTest.cpp:873:32: error: ‘class pcpp::PcapNgFileReaderDevice’ has no member named ‘copyFiltered’
  873 |                 require(reader.copyFiltered(defaultOutput), "copy with the default filter failed");
      |                                ^~~~~~~~~~~~
/app/Tests/PcapNgCopyTest/PcapNgCopyTest.cpp:878:32: error: ‘class pcpp::PcapNgFileReaderDevice’ has no member named ‘copyFiltered’
  878 |                 require(reader.copyFiltered(clearedOutput), "copy with a cleared filter failed");
      |                                ^~~~~~~~~~~~
/app/Tests/PcapNgCopyTest/PcapNgCopyTest.cpp: In function ‘void {anonymous}::testReaderLifecycle()’:
/app/Tests/PcapNgCopyTest/PcapNgCopyTest.cpp:921:32: error: ‘class pcpp::PcapNgFileReaderDevice’ has no member named ‘copyFiltered’
  921 |                 require(reader.copyFiltered(output), "copy while open failed");
      |                                ^~~~~~~~~~~~
/app/Tests/PcapNgCopyTest/PcapNgCopyTest.cpp:925:32: error: ‘class pcpp::PcapNgFileReaderDevice’ has no member named ‘copyFiltered’
  925 |                 require(reader.copyFiltered(outputAfterClose), "copy after close failed");
      |                                ^~~~~~~~~~~~
/app/Tests/PcapNgCopyTest/PcapNgCopyTest.cpp: In function ‘void {anonymous}::testUnsupportedAndIo()’:
/app/Tests/PcapNgCopyTest/PcapNgCopyTest.cpp:1062:33: error: ‘class pcpp::PcapNgFileReaderDevice’ has no member named ‘copyFiltered’
 1062 |                 require(!reader.copyFiltered("."), "directory output was accepted");
      |                                 ^~~~~~~~~~~~
gmake[3]: *** [Tests/PcapNgCopyTest/CMakeFiles/PcapNgCopyTest.dir/build.make:79: Tests/PcapNgCopyTest/CMakeFiles/PcapNgCopyTest.dir/PcapNgCopyTest.cpp.o] Error 1
gmake[2]: *** [CMakeFiles/Makefile2:1700: Tests/PcapNgCopyTest/CMakeFiles/PcapNgCopyTest.dir/all] Error 2
gmake[1]: *** [CMakeFiles/Makefile2:1707: Tests/PcapNgCopyTest/CMakeFiles/PcapNgCopyTest.dir/rule] Error 2
gmake: *** [Makefile:673: PcapNgCopyTest] Error 2
</failure></testcase><testcase classname="PcapNgCopy.DiscardedPacketOptions" name="PcapNgCopy.DiscardedPacketOptions"><failure message="test command failed">[  1%] Built target hash-library
[ 11%] Built target light_pcapng
[ 20%] Built target Common++
[ 88%] Built target Packet++
[ 96%] Built target Pcap++
[ 98%] Building CXX object Tests/PcapNgCopyTest/CMakeFiles/PcapNgCopyTest.dir/PcapNgCopyTest.cpp.o
/app/Tests/PcapNgCopyTest/PcapNgCopyTest.cpp: In function ‘bool {anonymous}::copyTcp(const std::string&amp;, const std::string&amp;)’:
/app/Tests/PcapNgCopyTest/PcapNgCopyTest.cpp:724:31: error: ‘class pcpp::PcapNgFileReaderDevice’ has no member named ‘copyFiltered’
  724 |                 return reader.copyFiltered(output);
      |                               ^~~~~~~~~~~~
/app/Tests/PcapNgCopyTest/PcapNgCopyTest.cpp: In function ‘void {anonymous}::testStructureAndFiltering()’:
/app/Tests/PcapNgCopyTest/PcapNgCopyTest.cpp:780:37: error: ‘const class pcpp::PcapNgFileReaderDevice’ has no member named ‘copyFiltered’
  780 |                 require(constReader.copyFiltered(output), "filtered copy failed");
      |                                     ^~~~~~~~~~~~
/app/Tests/PcapNgCopyTest/PcapNgCopyTest.cpp: In function ‘void {anonymous}::testInPlaceReplacement()’:
/app/Tests/PcapNgCopyTest/PcapNgCopyTest.cpp:793:32: error: ‘class pcpp::PcapNgFileReaderDevice’ has no member named ‘copyFiltered’
  793 |                 require(reader.copyFiltered(path), "same-path filtered copy failed");
      |                                ^~~~~~~~~~~~
/app/Tests/PcapNgCopyTest/PcapNgCopyTest.cpp: In function ‘void {anonymous}::testFilterState()’:
/app/Tests/PcapNgCopyTest/PcapNgCopyTest.cpp:859:32: error: ‘class pcpp::PcapNgFileReaderDevice’ has no member named ‘copyFiltered’
  859 |                 require(reader.copyFiltered(output), "non-TCP filtered copy failed");
      |                                ^~~~~~~~~~~~
/app/Tests/PcapNgCopyTest/PcapNgCopyTest.cpp: In function ‘void {anonymous}::testDefaultAndClearedFilter()’:
/app/Tests/PcapNgCopyTest/PcapNgCopyTest.cpp:873:32: error: ‘class pcpp::PcapNgFileReaderDevice’ has no member named ‘copyFiltered’
  873 |                 require(reader.copyFiltered(defaultOutput), "copy with the default filter failed");
      |                                ^~~~~~~~~~~~
/app/Tests/PcapNgCopyTest/PcapNgCopyTest.cpp:878:32: error: ‘class pcpp::PcapNgFileReaderDevice’ has no member named ‘copyFiltered’
  878 |                 require(reader.copyFiltered(clearedOutput), "copy with a cleared filter failed");
      |                                ^~~~~~~~~~~~
/app/Tests/PcapNgCopyTest/PcapNgCopyTest.cpp: In function ‘void {anonymous}::testReaderLifecycle()’:
/app/Tests/PcapNgCopyTest/PcapNgCopyTest.cpp:921:32: error: ‘class pcpp::PcapNgFileReaderDevice’ has no member named ‘copyFiltered’
  921 |                 require(reader.copyFiltered(output), "copy while open failed");
      |                                ^~~~~~~~~~~~
/app/Tests/PcapNgCopyTest/PcapNgCopyTest.cpp:925:32: error: ‘class pcpp::PcapNgFileReaderDevice’ has no member named ‘copyFiltered’
  925 |                 require(reader.copyFiltered(outputAfterClose), "copy after close failed");
      |                                ^~~~~~~~~~~~
/app/Tests/PcapNgCopyTest/PcapNgCopyTest.cpp: In function ‘void {anonymous}::testUnsupportedAndIo()’:
/app/Tests/PcapNgCopyTest/PcapNgCopyTest.cpp:1062:33: error: ‘class pcpp::PcapNgFileReaderDevice’ has no member named ‘copyFiltered’
 1062 |                 require(!reader.copyFiltered("."), "directory output was accepted");
      |                                 ^~~~~~~~~~~~
gmake[3]: *** [Tests/PcapNgCopyTest/CMakeFiles/PcapNgCopyTest.dir/build.make:79: Tests/PcapNgCopyTest/CMakeFiles/PcapNgCopyTest.dir/PcapNgCopyTest.cpp.o] Error 1
gmake[2]: *** [CMakeFiles/Makefile2:1700: Tests/PcapNgCopyTest/CMakeFiles/PcapNgCopyTest.dir/all] Error 2
gmake[1]: *** [CMakeFiles/Makefile2:1707: Tests/PcapNgCopyTest/CMakeFiles/PcapNgCopyTest.dir/rule] Error 2
gmake: *** [Makefile:673: PcapNgCopyTest] Error 2
</failure></testcase><testcase classname="PcapNgCopy.OptionTermination" name="PcapNgCopy.OptionTermination"><failure message="test command failed">[  1%] Built target hash-library
[ 11%] Built target light_pcapng
[ 20%] Built target Common++
[ 88%] Built target Packet++
[ 96%] Built target Pcap++
[ 98%] Building CXX object Tests/PcapNgCopyTest/CMakeFiles/PcapNgCopyTest.dir/PcapNgCopyTest.cpp.o
/app/Tests/PcapNgCopyTest/PcapNgCopyTest.cpp: In function ‘bool {anonymous}::copyTcp(const std::string&amp;, const std::string&amp;)’:
/app/Tests/PcapNgCopyTest/PcapNgCopyTest.cpp:724:31: error: ‘class pcpp::PcapNgFileReaderDevice’ has no member named ‘copyFiltered’
  724 |                 return reader.copyFiltered(output);
      |                               ^~~~~~~~~~~~
/app/Tests/PcapNgCopyTest/PcapNgCopyTest.cpp: In function ‘void {anonymous}::testStructureAndFiltering()’:
/app/Tests/PcapNgCopyTest/PcapNgCopyTest.cpp:780:37: error: ‘const class pcpp::PcapNgFileReaderDevice’ has no member named ‘copyFiltered’
  780 |                 require(constReader.copyFiltered(output), "filtered copy failed");
      |                                     ^~~~~~~~~~~~
/app/Tests/PcapNgCopyTest/PcapNgCopyTest.cpp: In function ‘void {anonymous}::testInPlaceReplacement()’:
/app/Tests/PcapNgCopyTest/PcapNgCopyTest.cpp:793:32: error: ‘class pcpp::PcapNgFileReaderDevice’ has no member named ‘copyFiltered’
  793 |                 require(reader.copyFiltered(path), "same-path filtered copy failed");
      |                                ^~~~~~~~~~~~
/app/Tests/PcapNgCopyTest/PcapNgCopyTest.cpp: In function ‘void {anonymous}::testFilterState()’:
/app/Tests/PcapNgCopyTest/PcapNgCopyTest.cpp:859:32: error: ‘class pcpp::PcapNgFileReaderDevice’ has no member named ‘copyFiltered’
  859 |                 require(reader.copyFiltered(output), "non-TCP filtered copy failed");
      |                                ^~~~~~~~~~~~
/app/Tests/PcapNgCopyTest/PcapNgCopyTest.cpp: In function ‘void {anonymous}::testDefaultAndClearedFilter()’:
/app/Tests/PcapNgCopyTest/PcapNgCopyTest.cpp:873:32: error: ‘class pcpp::PcapNgFileReaderDevice’ has no member named ‘copyFiltered’
  873 |                 require(reader.copyFiltered(defaultOutput), "copy with the default filter failed");
      |                                ^~~~~~~~~~~~
/app/Tests/PcapNgCopyTest/PcapNgCopyTest.cpp:878:32: error: ‘class pcpp::PcapNgFileReaderDevice’ has no member named ‘copyFiltered’
  878 |                 require(reader.copyFiltered(clearedOutput), "copy with a cleared filter failed");
      |                                ^~~~~~~~~~~~
/app/Tests/PcapNgCopyTest/PcapNgCopyTest.cpp: In function ‘void {anonymous}::testReaderLifecycle()’:
/app/Tests/PcapNgCopyTest/PcapNgCopyTest.cpp:921:32: error: ‘class pcpp::PcapNgFileReaderDevice’ has no member named ‘copyFiltered’
  921 |                 require(reader.copyFiltered(output), "copy while open failed");
      |                                ^~~~~~~~~~~~
/app/Tests/PcapNgCopyTest/PcapNgCopyTest.cpp:925:32: error: ‘class pcpp::PcapNgFileReaderDevice’ has no member named ‘copyFiltered’
  925 |                 require(reader.copyFiltered(outputAfterClose), "copy after close failed");
      |                                ^~~~~~~~~~~~
/app/Tests/PcapNgCopyTest/PcapNgCopyTest.cpp: In function ‘void {anonymous}::testUnsupportedAndIo()’:
/app/Tests/PcapNgCopyTest/PcapNgCopyTest.cpp:1062:33: error: ‘class pcpp::PcapNgFileReaderDevice’ has no member named ‘copyFiltered’
 1062 |                 require(!reader.copyFiltered("."), "directory output was accepted");
      |                                 ^~~~~~~~~~~~
gmake[3]: *** [Tests/PcapNgCopyTest/CMakeFiles/PcapNgCopyTest.dir/build.make:79: Tests/PcapNgCopyTest/CMakeFiles/PcapNgCopyTest.dir/PcapNgCopyTest.cpp.o] Error 1
gmake[2]: *** [CMakeFiles/Makefile2:1700: Tests/PcapNgCopyTest/CMakeFiles/PcapNgCopyTest.dir/all] Error 2
gmake[1]: *** [CMakeFiles/Makefile2:1707: Tests/PcapNgCopyTest/CMakeFiles/PcapNgCopyTest.dir/rule] Error 2
gmake: *** [Makefile:673: PcapNgCopyTest] Error 2
</failure></testcase><testcase classname="PcapNgCopy.FilterState" name="PcapNgCopy.FilterState"><failure message="test command failed">[  1%] Built target hash-library
[ 11%] Built target light_pcapng
[ 20%] Built target Common++
[ 88%] Built target Packet++
[ 96%] Built target Pcap++
[ 98%] Building CXX object Tests/PcapNgCopyTest/CMakeFiles/PcapNgCopyTest.dir/PcapNgCopyTest.cpp.o
/app/Tests/PcapNgCopyTest/PcapNgCopyTest.cpp: In function ‘bool {anonymous}::copyTcp(const std::string&amp;, const std::string&amp;)’:
/app/Tests/PcapNgCopyTest/PcapNgCopyTest.cpp:724:31: error: ‘class pcpp::PcapNgFileReaderDevice’ has no member named ‘copyFiltered’
  724 |                 return reader.copyFiltered(output);
      |                               ^~~~~~~~~~~~
/app/Tests/PcapNgCopyTest/PcapNgCopyTest.cpp: In function ‘void {anonymous}::testStructureAndFiltering()’:
/app/Tests/PcapNgCopyTest/PcapNgCopyTest.cpp:780:37: error: ‘const class pcpp::PcapNgFileReaderDevice’ has no member named ‘copyFiltered’
  780 |                 require(constReader.copyFiltered(output), "filtered copy failed");
      |                                     ^~~~~~~~~~~~
/app/Tests/PcapNgCopyTest/PcapNgCopyTest.cpp: In function ‘void {anonymous}::testInPlaceReplacement()’:
/app/Tests/PcapNgCopyTest/PcapNgCopyTest.cpp:793:32: error: ‘class pcpp::PcapNgFileReaderDevice’ has no member named ‘copyFiltered’
  793 |                 require(reader.copyFiltered(path), "same-path filtered copy failed");
      |                                ^~~~~~~~~~~~
/app/Tests/PcapNgCopyTest/PcapNgCopyTest.cpp: In function ‘void {anonymous}::testFilterState()’:
/app/Tests/PcapNgCopyTest/PcapNgCopyTest.cpp:859:32: error: ‘class pcpp::PcapNgFileReaderDevice’ has no member named ‘copyFiltered’
  859 |                 require(reader.copyFiltered(output), "non-TCP filtered copy failed");
      |                                ^~~~~~~~~~~~
/app/Tests/PcapNgCopyTest/PcapNgCopyTest.cpp: In function ‘void {anonymous}::testDefaultAndClearedFilter()’:
/app/Tests/PcapNgCopyTest/PcapNgCopyTest.cpp:873:32: error: ‘class pcpp::PcapNgFileReaderDevice’ has no member named ‘copyFiltered’
  873 |                 require(reader.copyFiltered(defaultOutput), "copy with the default filter failed");
      |                                ^~~~~~~~~~~~
/app/Tests/PcapNgCopyTest/PcapNgCopyTest.cpp:878:32: error: ‘class pcpp::PcapNgFileReaderDevice’ has no member named ‘copyFiltered’
  878 |                 require(reader.copyFiltered(clearedOutput), "copy with a cleared filter failed");
      |                                ^~~~~~~~~~~~
/app/Tests/PcapNgCopyTest/PcapNgCopyTest.cpp: In function ‘void {anonymous}::testReaderLifecycle()’:
/app/Tests/PcapNgCopyTest/PcapNgCopyTest.cpp:921:32: error: ‘class pcpp::PcapNgFileReaderDevice’ has no member named ‘copyFiltered’
  921 |                 require(reader.copyFiltered(output), "copy while open failed");
      |                                ^~~~~~~~~~~~
/app/Tests/PcapNgCopyTest/PcapNgCopyTest.cpp:925:32: error: ‘class pcpp::PcapNgFileReaderDevice’ has no member named ‘copyFiltered’
  925 |                 require(reader.copyFiltered(outputAfterClose), "copy after close failed");
      |                                ^~~~~~~~~~~~
/app/Tests/PcapNgCopyTest/PcapNgCopyTest.cpp: In function ‘void {anonymous}::testUnsupportedAndIo()’:
/app/Tests/PcapNgCopyTest/PcapNgCopyTest.cpp:1062:33: error: ‘class pcpp::PcapNgFileReaderDevice’ has no member named ‘copyFiltered’
 1062 |                 require(!reader.copyFiltered("."), "directory output was accepted");
      |                                 ^~~~~~~~~~~~
gmake[3]: *** [Tests/PcapNgCopyTest/CMakeFiles/PcapNgCopyTest.dir/build.make:79: Tests/PcapNgCopyTest/CMakeFiles/PcapNgCopyTest.dir/PcapNgCopyTest.cpp.o] Error 1
gmake[2]: *** [CMakeFiles/Makefile2:1700: Tests/PcapNgCopyTest/CMakeFiles/PcapNgCopyTest.dir/all] Error 2
gmake[1]: *** [CMakeFiles/Makefile2:1707: Tests/PcapNgCopyTest/CMakeFiles/PcapNgCopyTest.dir/rule] Error 2
gmake: *** [Makefile:673: PcapNgCopyTest] Error 2
</failure></testcase><testcase classname="PcapNgCopy.DefaultAndClearedFilter" name="PcapNgCopy.DefaultAndClearedFilter"><failure message="test command failed">[  1%] Built target hash-library
[ 11%] Built target light_pcapng
[ 20%] Built target Common++
[ 88%] Built target Packet++
[ 96%] Built target Pcap++
[ 98%] Building CXX object Tests/PcapNgCopyTest/CMakeFiles/PcapNgCopyTest.dir/PcapNgCopyTest.cpp.o
/app/Tests/PcapNgCopyTest/PcapNgCopyTest.cpp: In function ‘bool {anonymous}::copyTcp(const std::string&amp;, const std::string&amp;)’:
/app/Tests/PcapNgCopyTest/PcapNgCopyTest.cpp:724:31: error: ‘class pcpp::PcapNgFileReaderDevice’ has no member named ‘copyFiltered’
  724 |                 return reader.copyFiltered(output);
      |                               ^~~~~~~~~~~~
/app/Tests/PcapNgCopyTest/PcapNgCopyTest.cpp: In function ‘void {anonymous}::testStructureAndFiltering()’:
/app/Tests/PcapNgCopyTest/PcapNgCopyTest.cpp:780:37: error: ‘const class pcpp::PcapNgFileReaderDevice’ has no member named ‘copyFiltered’
  780 |                 require(constReader.copyFiltered(output), "filtered copy failed");
      |                                     ^~~~~~~~~~~~
/app/Tests/PcapNgCopyTest/PcapNgCopyTest.cpp: In function ‘void {anonymous}::testInPlaceReplacement()’:
/app/Tests/PcapNgCopyTest/PcapNgCopyTest.cpp:793:32: error: ‘class pcpp::PcapNgFileReaderDevice’ has no member named ‘copyFiltered’
  793 |                 require(reader.copyFiltered(path), "same-path filtered copy failed");
      |                                ^~~~~~~~~~~~
/app/Tests/PcapNgCopyTest/PcapNgCopyTest.cpp: In function ‘void {anonymous}::testFilterState()’:
/app/Tests/PcapNgCopyTest/PcapNgCopyTest.cpp:859:32: error: ‘class pcpp::PcapNgFileReaderDevice’ has no member named ‘copyFiltered’
  859 |                 require(reader.copyFiltered(output), "non-TCP filtered copy failed");
      |                                ^~~~~~~~~~~~
/app/Tests/PcapNgCopyTest/PcapNgCopyTest.cpp: In function ‘void {anonymous}::testDefaultAndClearedFilter()’:
/app/Tests/PcapNgCopyTest/PcapNgCopyTest.cpp:873:32: error: ‘class pcpp::PcapNgFileReaderDevice’ has no member named ‘copyFiltered’
  873 |                 require(reader.copyFiltered(defaultOutput), "copy with the default filter failed");
      |                                ^~~~~~~~~~~~
/app/Tests/PcapNgCopyTest/PcapNgCopyTest.cpp:878:32: error: ‘class pcpp::PcapNgFileReaderDevice’ has no member named ‘copyFiltered’
  878 |                 require(reader.copyFiltered(clearedOutput), "copy with a cleared filter failed");
      |                                ^~~~~~~~~~~~
/app/Tests/PcapNgCopyTest/PcapNgCopyTest.cpp: In function ‘void {anonymous}::testReaderLifecycle()’:
/app/Tests/PcapNgCopyTest/PcapNgCopyTest.cpp:921:32: error: ‘class pcpp::PcapNgFileReaderDevice’ has no member named ‘copyFiltered’
  921 |                 require(reader.copyFiltered(output), "copy while open failed");
      |                                ^~~~~~~~~~~~
/app/Tests/PcapNgCopyTest/PcapNgCopyTest.cpp:925:32: error: ‘class pcpp::PcapNgFileReaderDevice’ has no member named ‘copyFiltered’
  925 |                 require(reader.copyFiltered(outputAfterClose), "copy after close failed");
      |                                ^~~~~~~~~~~~
/app/Tests/PcapNgCopyTest/PcapNgCopyTest.cpp: In function ‘void {anonymous}::testUnsupportedAndIo()’:
/app/Tests/PcapNgCopyTest/PcapNgCopyTest.cpp:1062:33: error: ‘class pcpp::PcapNgFileReaderDevice’ has no member named ‘copyFiltered’
 1062 |                 require(!reader.copyFiltered("."), "directory output was accepted");
      |                                 ^~~~~~~~~~~~
gmake[3]: *** [Tests/PcapNgCopyTest/CMakeFiles/PcapNgCopyTest.dir/build.make:79: Tests/PcapNgCopyTest/CMakeFiles/PcapNgCopyTest.dir/PcapNgCopyTest.cpp.o] Error 1
gmake[2]: *** [CMakeFiles/Makefile2:1700: Tests/PcapNgCopyTest/CMakeFiles/PcapNgCopyTest.dir/all] Error 2
gmake[1]: *** [CMakeFiles/Makefile2:1707: Tests/PcapNgCopyTest/CMakeFiles/PcapNgCopyTest.dir/rule] Error 2
gmake: *** [Makefile:673: PcapNgCopyTest] Error 2
</failure></testcase><testcase classname="PcapNgCopy.ReservedFieldOpacity" name="PcapNgCopy.ReservedFieldOpacity"><failure message="test command failed">[  1%] Built target hash-library
[ 11%] Built target light_pcapng
[ 20%] Built target Common++
[ 88%] Built target Packet++
[ 96%] Built target Pcap++
[ 98%] Building CXX object Tests/PcapNgCopyTest/CMakeFiles/PcapNgCopyTest.dir/PcapNgCopyTest.cpp.o
/app/Tests/PcapNgCopyTest/PcapNgCopyTest.cpp: In function ‘bool {anonymous}::copyTcp(const std::string&amp;, const std::string&amp;)’:
/app/Tests/PcapNgCopyTest/PcapNgCopyTest.cpp:724:31: error: ‘class pcpp::PcapNgFileReaderDevice’ has no member named ‘copyFiltered’
  724 |                 return reader.copyFiltered(output);
      |                               ^~~~~~~~~~~~
/app/Tests/PcapNgCopyTest/PcapNgCopyTest.cpp: In function ‘void {anonymous}::testStructureAndFiltering()’:
/app/Tests/PcapNgCopyTest/PcapNgCopyTest.cpp:780:37: error: ‘const class pcpp::PcapNgFileReaderDevice’ has no member named ‘copyFiltered’
  780 |                 require(constReader.copyFiltered(output), "filtered copy failed");
      |                                     ^~~~~~~~~~~~
/app/Tests/PcapNgCopyTest/PcapNgCopyTest.cpp: In function ‘void {anonymous}::testInPlaceReplacement()’:
/app/Tests/PcapNgCopyTest/PcapNgCopyTest.cpp:793:32: error: ‘class pcpp::PcapNgFileReaderDevice’ has no member named ‘copyFiltered’
  793 |                 require(reader.copyFiltered(path), "same-path filtered copy failed");
      |                                ^~~~~~~~~~~~
/app/Tests/PcapNgCopyTest/PcapNgCopyTest.cpp: In function ‘void {anonymous}::testFilterState()’:
/app/Tests/PcapNgCopyTest/PcapNgCopyTest.cpp:859:32: error: ‘class pcpp::PcapNgFileReaderDevice’ has no member named ‘copyFiltered’
  859 |                 require(reader.copyFiltered(output), "non-TCP filtered copy failed");
      |                                ^~~~~~~~~~~~
/app/Tests/PcapNgCopyTest/PcapNgCopyTest.cpp: In function ‘void {anonymous}::testDefaultAndClearedFilter()’:
/app/Tests/PcapNgCopyTest/PcapNgCopyTest.cpp:873:32: error: ‘class pcpp::PcapNgFileReaderDevice’ has no member named ‘copyFiltered’
  873 |                 require(reader.copyFiltered(defaultOutput), "copy with the default filter failed");
      |                                ^~~~~~~~~~~~
/app/Tests/PcapNgCopyTest/PcapNgCopyTest.cpp:878:32: error: ‘class pcpp::PcapNgFileReaderDevice’ has no member named ‘copyFiltered’
  878 |                 require(reader.copyFiltered(clearedOutput), "copy with a cleared filter failed");
      |                                ^~~~~~~~~~~~
/app/Tests/PcapNgCopyTest/PcapNgCopyTest.cpp: In function ‘void {anonymous}::testReaderLifecycle()’:
/app/Tests/PcapNgCopyTest/PcapNgCopyTest.cpp:921:32: error: ‘class pcpp::PcapNgFileReaderDevice’ has no member named ‘copyFiltered’
  921 |                 require(reader.copyFiltered(output), "copy while open failed");
      |                                ^~~~~~~~~~~~
/app/Tests/PcapNgCopyTest/PcapNgCopyTest.cpp:925:32: error: ‘class pcpp::PcapNgFileReaderDevice’ has no member named ‘copyFiltered’
  925 |                 require(reader.copyFiltered(outputAfterClose), "copy after close failed");
      |                                ^~~~~~~~~~~~
/app/Tests/PcapNgCopyTest/PcapNgCopyTest.cpp: In function ‘void {anonymous}::testUnsupportedAndIo()’:
/app/Tests/PcapNgCopyTest/PcapNgCopyTest.cpp:1062:33: error: ‘class pcpp::PcapNgFileReaderDevice’ has no member named ‘copyFiltered’
 1062 |                 require(!reader.copyFiltered("."), "directory output was accepted");
      |                                 ^~~~~~~~~~~~
gmake[3]: *** [Tests/PcapNgCopyTest/CMakeFiles/PcapNgCopyTest.dir/build.make:79: Tests/PcapNgCopyTest/CMakeFiles/PcapNgCopyTest.dir/PcapNgCopyTest.cpp.o] Error 1
gmake[2]: *** [CMakeFiles/Makefile2:1700: Tests/PcapNgCopyTest/CMakeFiles/PcapNgCopyTest.dir/all] Error 2
gmake[1]: *** [CMakeFiles/Makefile2:1707: Tests/PcapNgCopyTest/CMakeFiles/PcapNgCopyTest.dir/rule] Error 2
gmake: *** [Makefile:673: PcapNgCopyTest] Error 2
</failure></testcase><testcase classname="PcapNgCopy.LocalUseOpacity" name="PcapNgCopy.LocalUseOpacity"><failure message="test command failed">[  1%] Built target hash-library
[ 11%] Built target light_pcapng
[ 20%] Built target Common++
[ 88%] Built target Packet++
[ 96%] Built target Pcap++
[ 98%] Building CXX object Tests/PcapNgCopyTest/CMakeFiles/PcapNgCopyTest.dir/PcapNgCopyTest.cpp.o
/app/Tests/PcapNgCopyTest/PcapNgCopyTest.cpp: In function ‘bool {anonymous}::copyTcp(const std::string&amp;, const std::string&amp;)’:
/app/Tests/PcapNgCopyTest/PcapNgCopyTest.cpp:724:31: error: ‘class pcpp::PcapNgFileReaderDevice’ has no member named ‘copyFiltered’
  724 |                 return reader.copyFiltered(output);
      |                               ^~~~~~~~~~~~
/app/Tests/PcapNgCopyTest/PcapNgCopyTest.cpp: In function ‘void {anonymous}::testStructureAndFiltering()’:
/app/Tests/PcapNgCopyTest/PcapNgCopyTest.cpp:780:37: error: ‘const class pcpp::PcapNgFileReaderDevice’ has no member named ‘copyFiltered’
  780 |                 require(constReader.copyFiltered(output), "filtered copy failed");
      |                                     ^~~~~~~~~~~~
/app/Tests/PcapNgCopyTest/PcapNgCopyTest.cpp: In function ‘void {anonymous}::testInPlaceReplacement()’:
/app/Tests/PcapNgCopyTest/PcapNgCopyTest.cpp:793:32: error: ‘class pcpp::PcapNgFileReaderDevice’ has no member named ‘copyFiltered’
  793 |                 require(reader.copyFiltered(path), "same-path filtered copy failed");
      |                                ^~~~~~~~~~~~
/app/Tests/PcapNgCopyTest/PcapNgCopyTest.cpp: In function ‘void {anonymous}::testFilterState()’:
/app/Tests/PcapNgCopyTest/PcapNgCopyTest.cpp:859:32: error: ‘class pcpp::PcapNgFileReaderDevice’ has no member named ‘copyFiltered’
  859 |                 require(reader.copyFiltered(output), "non-TCP filtered copy failed");
      |                                ^~~~~~~~~~~~
/app/Tests/PcapNgCopyTest/PcapNgCopyTest.cpp: In function ‘void {anonymous}::testDefaultAndClearedFilter()’:
/app/Tests/PcapNgCopyTest/PcapNgCopyTest.cpp:873:32: error: ‘class pcpp::PcapNgFileReaderDevice’ has no member named ‘copyFiltered’
  873 |                 require(reader.copyFiltered(defaultOutput), "copy with the default filter failed");
      |                                ^~~~~~~~~~~~
/app/Tests/PcapNgCopyTest/PcapNgCopyTest.cpp:878:32: error: ‘class pcpp::PcapNgFileReaderDevice’ has no member named ‘copyFiltered’
  878 |                 require(reader.copyFiltered(clearedOutput), "copy with a cleared filter failed");
      |                                ^~~~~~~~~~~~
/app/Tests/PcapNgCopyTest/PcapNgCopyTest.cpp: In function ‘void {anonymous}::testReaderLifecycle()’:
/app/Tests/PcapNgCopyTest/PcapNgCopyTest.cpp:921:32: error: ‘class pcpp::PcapNgFileReaderDevice’ has no member named ‘copyFiltered’
  921 |                 require(reader.copyFiltered(output), "copy while open failed");
      |                                ^~~~~~~~~~~~
/app/Tests/PcapNgCopyTest/PcapNgCopyTest.cpp:925:32: error: ‘class pcpp::PcapNgFileReaderDevice’ has no member named ‘copyFiltered’
  925 |                 require(reader.copyFiltered(outputAfterClose), "copy after close failed");
      |                                ^~~~~~~~~~~~
/app/Tests/PcapNgCopyTest/PcapNgCopyTest.cpp: In function ‘void {anonymous}::testUnsupportedAndIo()’:
/app/Tests/PcapNgCopyTest/PcapNgCopyTest.cpp:1062:33: error: ‘class pcpp::PcapNgFileReaderDevice’ has no member named ‘copyFiltered’
 1062 |                 require(!reader.copyFiltered("."), "directory output was accepted");
      |                                 ^~~~~~~~~~~~
gmake[3]: *** [Tests/PcapNgCopyTest/CMakeFiles/PcapNgCopyTest.dir/build.make:79: Tests/PcapNgCopyTest/CMakeFiles/PcapNgCopyTest.dir/PcapNgCopyTest.cpp.o] Error 1
gmake[2]: *** [CMakeFiles/Makefile2:1700: Tests/PcapNgCopyTest/CMakeFiles/PcapNgCopyTest.dir/all] Error 2
gmake[1]: *** [CMakeFiles/Makefile2:1707: Tests/PcapNgCopyTest/CMakeFiles/PcapNgCopyTest.dir/rule] Error 2
gmake: *** [Makefile:673: PcapNgCopyTest] Error 2
</failure></testcase><testcase classname="PcapNgCopy.ReaderLifecycle" name="PcapNgCopy.ReaderLifecycle"><failure message="test command failed">[  1%] Built target hash-library
[ 11%] Built target light_pcapng
[ 20%] Built target Common++
[ 88%] Built target Packet++
[ 96%] Built target Pcap++
[ 98%] Building CXX object Tests/PcapNgCopyTest/CMakeFiles/PcapNgCopyTest.dir/PcapNgCopyTest.cpp.o
/app/Tests/PcapNgCopyTest/PcapNgCopyTest.cpp: In function ‘bool {anonymous}::copyTcp(const std::string&amp;, const std::string&amp;)’:
/app/Tests/PcapNgCopyTest/PcapNgCopyTest.cpp:724:31: error: ‘class pcpp::PcapNgFileReaderDevice’ has no member named ‘copyFiltered’
  724 |                 return reader.copyFiltered(output);
      |                               ^~~~~~~~~~~~
/app/Tests/PcapNgCopyTest/PcapNgCopyTest.cpp: In function ‘void {anonymous}::testStructureAndFiltering()’:
/app/Tests/PcapNgCopyTest/PcapNgCopyTest.cpp:780:37: error: ‘const class pcpp::PcapNgFileReaderDevice’ has no member named ‘copyFiltered’
  780 |                 require(constReader.copyFiltered(output), "filtered copy failed");
      |                                     ^~~~~~~~~~~~
/app/Tests/PcapNgCopyTest/PcapNgCopyTest.cpp: In function ‘void {anonymous}::testInPlaceReplacement()’:
/app/Tests/PcapNgCopyTest/PcapNgCopyTest.cpp:793:32: error: ‘class pcpp::PcapNgFileReaderDevice’ has no member named ‘copyFiltered’
  793 |                 require(reader.copyFiltered(path), "same-path filtered copy failed");
      |                                ^~~~~~~~~~~~
/app/Tests/PcapNgCopyTest/PcapNgCopyTest.cpp: In function ‘void {anonymous}::testFilterState()’:
/app/Tests/PcapNgCopyTest/PcapNgCopyTest.cpp:859:32: error: ‘class pcpp::PcapNgFileReaderDevice’ has no member named ‘copyFiltered’
  859 |                 require(reader.copyFiltered(output), "non-TCP filtered copy failed");
      |                                ^~~~~~~~~~~~
/app/Tests/PcapNgCopyTest/PcapNgCopyTest.cpp: In function ‘void {anonymous}::testDefaultAndClearedFilter()’:
/app/Tests/PcapNgCopyTest/PcapNgCopyTest.cpp:873:32: error: ‘class pcpp::PcapNgFileReaderDevice’ has no member named ‘copyFiltered’
  873 |                 require(reader.copyFiltered(defaultOutput), "copy with the default filter failed");
      |                                ^~~~~~~~~~~~
/app/Tests/PcapNgCopyTest/PcapNgCopyTest.cpp:878:32: error: ‘class pcpp::PcapNgFileReaderDevice’ has no member named ‘copyFiltered’
  878 |                 require(reader.copyFiltered(clearedOutput), "copy with a cleared filter failed");
      |                                ^~~~~~~~~~~~
/app/Tests/PcapNgCopyTest/PcapNgCopyTest.cpp: In function ‘void {anonymous}::testReaderLifecycle()’:
/app/Tests/PcapNgCopyTest/PcapNgCopyTest.cpp:921:32: error: ‘class pcpp::PcapNgFileReaderDevice’ has no member named ‘copyFiltered’
  921 |                 require(reader.copyFiltered(output), "copy while open failed");
      |                                ^~~~~~~~~~~~
/app/Tests/PcapNgCopyTest/PcapNgCopyTest.cpp:925:32: error: ‘class pcpp::PcapNgFileReaderDevice’ has no member named ‘copyFiltered’
  925 |                 require(reader.copyFiltered(outputAfterClose), "copy after close failed");
      |                                ^~~~~~~~~~~~
/app/Tests/PcapNgCopyTest/PcapNgCopyTest.cpp: In function ‘void {anonymous}::testUnsupportedAndIo()’:
/app/Tests/PcapNgCopyTest/PcapNgCopyTest.cpp:1062:33: error: ‘class pcpp::PcapNgFileReaderDevice’ has no member named ‘copyFiltered’
 1062 |                 require(!reader.copyFiltered("."), "directory output was accepted");
      |                                 ^~~~~~~~~~~~
gmake[3]: *** [Tests/PcapNgCopyTest/CMakeFiles/PcapNgCopyTest.dir/build.make:79: Tests/PcapNgCopyTest/CMakeFiles/PcapNgCopyTest.dir/PcapNgCopyTest.cpp.o] Error 1
gmake[2]: *** [CMakeFiles/Makefile2:1700: Tests/PcapNgCopyTest/CMakeFiles/PcapNgCopyTest.dir/all] Error 2
gmake[1]: *** [CMakeFiles/Makefile2:1707: Tests/PcapNgCopyTest/CMakeFiles/PcapNgCopyTest.dir/rule] Error 2
gmake: *** [Makefile:673: PcapNgCopyTest] Error 2
</failure></testcase><testcase classname="PcapNgCopy.NoMatchingPackets" name="PcapNgCopy.NoMatchingPackets"><failure message="test command failed">[  1%] Built target hash-library
[ 11%] Built target light_pcapng
[ 20%] Built target Common++
[ 88%] Built target Packet++
[ 96%] Built target Pcap++
[ 98%] Building CXX object Tests/PcapNgCopyTest/CMakeFiles/PcapNgCopyTest.dir/PcapNgCopyTest.cpp.o
/app/Tests/PcapNgCopyTest/PcapNgCopyTest.cpp: In function ‘bool {anonymous}::copyTcp(const std::string&amp;, const std::string&amp;)’:
/app/Tests/PcapNgCopyTest/PcapNgCopyTest.cpp:724:31: error: ‘class pcpp::PcapNgFileReaderDevice’ has no member named ‘copyFiltered’
  724 |                 return reader.copyFiltered(output);
      |                               ^~~~~~~~~~~~
/app/Tests/PcapNgCopyTest/PcapNgCopyTest.cpp: In function ‘void {anonymous}::testStructureAndFiltering()’:
/app/Tests/PcapNgCopyTest/PcapNgCopyTest.cpp:780:37: error: ‘const class pcpp::PcapNgFileReaderDevice’ has no member named ‘copyFiltered’
  780 |                 require(constReader.copyFiltered(output), "filtered copy failed");
      |                                     ^~~~~~~~~~~~
/app/Tests/PcapNgCopyTest/PcapNgCopyTest.cpp: In function ‘void {anonymous}::testInPlaceReplacement()’:
/app/Tests/PcapNgCopyTest/PcapNgCopyTest.cpp:793:32: error: ‘class pcpp::PcapNgFileReaderDevice’ has no member named ‘copyFiltered’
  793 |                 require(reader.copyFiltered(path), "same-path filtered copy failed");
      |                                ^~~~~~~~~~~~
/app/Tests/PcapNgCopyTest/PcapNgCopyTest.cpp: In function ‘void {anonymous}::testFilterState()’:
/app/Tests/PcapNgCopyTest/PcapNgCopyTest.cpp:859:32: error: ‘class pcpp::PcapNgFileReaderDevice’ has no member named ‘copyFiltered’
  859 |                 require(reader.copyFiltered(output), "non-TCP filtered copy failed");
      |                                ^~~~~~~~~~~~
/app/Tests/PcapNgCopyTest/PcapNgCopyTest.cpp: In function ‘void {anonymous}::testDefaultAndClearedFilter()’:
/app/Tests/PcapNgCopyTest/PcapNgCopyTest.cpp:873:32: error: ‘class pcpp::PcapNgFileReaderDevice’ has no member named ‘copyFiltered’
  873 |                 require(reader.copyFiltered(defaultOutput), "copy with the default filter failed");
      |                                ^~~~~~~~~~~~
/app/Tests/PcapNgCopyTest/PcapNgCopyTest.cpp:878:32: error: ‘class pcpp::PcapNgFileReaderDevice’ has no member named ‘copyFiltered’
  878 |                 require(reader.copyFiltered(clearedOutput), "copy with a cleared filter failed");
      |                                ^~~~~~~~~~~~
/app/Tests/PcapNgCopyTest/PcapNgCopyTest.cpp: In function ‘void {anonymous}::testReaderLifecycle()’:
/app/Tests/PcapNgCopyTest/PcapNgCopyTest.cpp:921:32: error: ‘class pcpp::PcapNgFileReaderDevice’ has no member named ‘copyFiltered’
  921 |                 require(reader.copyFiltered(output), "copy while open failed");
      |                                ^~~~~~~~~~~~
/app/Tests/PcapNgCopyTest/PcapNgCopyTest.cpp:925:32: error: ‘class pcpp::PcapNgFileReaderDevice’ has no member named ‘copyFiltered’
  925 |                 require(reader.copyFiltered(outputAfterClose), "copy after close failed");
      |                                ^~~~~~~~~~~~
/app/Tests/PcapNgCopyTest/PcapNgCopyTest.cpp: In function ‘void {anonymous}::testUnsupportedAndIo()’:
/app/Tests/PcapNgCopyTest/PcapNgCopyTest.cpp:1062:33: error: ‘class pcpp::PcapNgFileReaderDevice’ has no member named ‘copyFiltered’
 1062 |                 require(!reader.copyFiltered("."), "directory output was accepted");
      |                                 ^~~~~~~~~~~~
gmake[3]: *** [Tests/PcapNgCopyTest/CMakeFiles/PcapNgCopyTest.dir/build.make:79: Tests/PcapNgCopyTest/CMakeFiles/PcapNgCopyTest.dir/PcapNgCopyTest.cpp.o] Error 1
gmake[2]: *** [CMakeFiles/Makefile2:1700: Tests/PcapNgCopyTest/CMakeFiles/PcapNgCopyTest.dir/all] Error 2
gmake[1]: *** [CMakeFiles/Makefile2:1707: Tests/PcapNgCopyTest/CMakeFiles/PcapNgCopyTest.dir/rule] Error 2
gmake: *** [Makefile:673: PcapNgCopyTest] Error 2
</failure></testcase><testcase classname="PcapNgCopy.MalformedFraming" name="PcapNgCopy.MalformedFraming"><failure message="test command failed">[  1%] Built target hash-library
[ 11%] Built target light_pcapng
[ 20%] Built target Common++
[ 88%] Built target Packet++
[ 96%] Built target Pcap++
[ 98%] Building CXX object Tests/PcapNgCopyTest/CMakeFiles/PcapNgCopyTest.dir/PcapNgCopyTest.cpp.o
/app/Tests/PcapNgCopyTest/PcapNgCopyTest.cpp: In function ‘bool {anonymous}::copyTcp(const std::string&amp;, const std::string&amp;)’:
/app/Tests/PcapNgCopyTest/PcapNgCopyTest.cpp:724:31: error: ‘class pcpp::PcapNgFileReaderDevice’ has no member named ‘copyFiltered’
  724 |                 return reader.copyFiltered(output);
      |                               ^~~~~~~~~~~~
/app/Tests/PcapNgCopyTest/PcapNgCopyTest.cpp: In function ‘void {anonymous}::testStructureAndFiltering()’:
/app/Tests/PcapNgCopyTest/PcapNgCopyTest.cpp:780:37: error: ‘const class pcpp::PcapNgFileReaderDevice’ has no member named ‘copyFiltered’
  780 |                 require(constReader.copyFiltered(output), "filtered copy failed");
      |                                     ^~~~~~~~~~~~
/app/Tests/PcapNgCopyTest/PcapNgCopyTest.cpp: In function ‘void {anonymous}::testInPlaceReplacement()’:
/app/Tests/PcapNgCopyTest/PcapNgCopyTest.cpp:793:32: error: ‘class pcpp::PcapNgFileReaderDevice’ has no member named ‘copyFiltered’
  793 |                 require(reader.copyFiltered(path), "same-path filtered copy failed");
      |                                ^~~~~~~~~~~~
/app/Tests/PcapNgCopyTest/PcapNgCopyTest.cpp: In function ‘void {anonymous}::testFilterState()’:
/app/Tests/PcapNgCopyTest/PcapNgCopyTest.cpp:859:32: error: ‘class pcpp::PcapNgFileReaderDevice’ has no member named ‘copyFiltered’
  859 |                 require(reader.copyFiltered(output), "non-TCP filtered copy failed");
      |                                ^~~~~~~~~~~~
/app/Tests/PcapNgCopyTest/PcapNgCopyTest.cpp: In function ‘void {anonymous}::testDefaultAndClearedFilter()’:
/app/Tests/PcapNgCopyTest/PcapNgCopyTest.cpp:873:32: error: ‘class pcpp::PcapNgFileReaderDevice’ has no member named ‘copyFiltered’
  873 |                 require(reader.copyFiltered(defaultOutput), "copy with the default filter failed");
      |                                ^~~~~~~~~~~~
/app/Tests/PcapNgCopyTest/PcapNgCopyTest.cpp:878:32: error: ‘class pcpp::PcapNgFileReaderDevice’ has no member named ‘copyFiltered’
  878 |                 require(reader.copyFiltered(clearedOutput), "copy with a cleared filter failed");
      |                                ^~~~~~~~~~~~
/app/Tests/PcapNgCopyTest/PcapNgCopyTest.cpp: In function ‘void {anonymous}::testReaderLifecycle()’:
/app/Tests/PcapNgCopyTest/PcapNgCopyTest.cpp:921:32: error: ‘class pcpp::PcapNgFileReaderDevice’ has no member named ‘copyFiltered’
  921 |                 require(reader.copyFiltered(output), "copy while open failed");
      |                                ^~~~~~~~~~~~
/app/Tests/PcapNgCopyTest/PcapNgCopyTest.cpp:925:32: error: ‘class pcpp::PcapNgFileReaderDevice’ has no member named ‘copyFiltered’
  925 |                 require(reader.copyFiltered(outputAfterClose), "copy after close failed");
      |                                ^~~~~~~~~~~~
/app/Tests/PcapNgCopyTest/PcapNgCopyTest.cpp: In function ‘void {anonymous}::testUnsupportedAndIo()’:
/app/Tests/PcapNgCopyTest/PcapNgCopyTest.cpp:1062:33: error: ‘class pcpp::PcapNgFileReaderDevice’ has no member named ‘copyFiltered’
 1062 |                 require(!reader.copyFiltered("."), "directory output was accepted");
      |                                 ^~~~~~~~~~~~
gmake[3]: *** [Tests/PcapNgCopyTest/CMakeFiles/PcapNgCopyTest.dir/build.make:79: Tests/PcapNgCopyTest/CMakeFiles/PcapNgCopyTest.dir/PcapNgCopyTest.cpp.o] Error 1
gmake[2]: *** [CMakeFiles/Makefile2:1700: Tests/PcapNgCopyTest/CMakeFiles/PcapNgCopyTest.dir/all] Error 2
gmake[1]: *** [CMakeFiles/Makefile2:1707: Tests/PcapNgCopyTest/CMakeFiles/PcapNgCopyTest.dir/rule] Error 2
gmake: *** [Makefile:673: PcapNgCopyTest] Error 2
</failure></testcase><testcase classname="PcapNgCopy.MalformedOptions" name="PcapNgCopy.MalformedOptions"><failure message="test command failed">[  1%] Built target hash-library
[ 11%] Built target light_pcapng
[ 20%] Built target Common++
[ 88%] Built target Packet++
[ 96%] Built target Pcap++
[ 98%] Building CXX object Tests/PcapNgCopyTest/CMakeFiles/PcapNgCopyTest.dir/PcapNgCopyTest.cpp.o
/app/Tests/PcapNgCopyTest/PcapNgCopyTest.cpp: In function ‘bool {anonymous}::copyTcp(const std::string&amp;, const std::string&amp;)’:
/app/Tests/PcapNgCopyTest/PcapNgCopyTest.cpp:724:31: error: ‘class pcpp::PcapNgFileReaderDevice’ has no member named ‘copyFiltered’
  724 |                 return reader.copyFiltered(output);
      |                               ^~~~~~~~~~~~
/app/Tests/PcapNgCopyTest/PcapNgCopyTest.cpp: In function ‘void {anonymous}::testStructureAndFiltering()’:
/app/Tests/PcapNgCopyTest/PcapNgCopyTest.cpp:780:37: error: ‘const class pcpp::PcapNgFileReaderDevice’ has no member named ‘copyFiltered’
  780 |                 require(constReader.copyFiltered(output), "filtered copy failed");
      |                                     ^~~~~~~~~~~~
/app/Tests/PcapNgCopyTest/PcapNgCopyTest.cpp: In function ‘void {anonymous}::testInPlaceReplacement()’:
/app/Tests/PcapNgCopyTest/PcapNgCopyTest.cpp:793:32: error: ‘class pcpp::PcapNgFileReaderDevice’ has no member named ‘copyFiltered’
  793 |                 require(reader.copyFiltered(path), "same-path filtered copy failed");
      |                                ^~~~~~~~~~~~
/app/Tests/PcapNgCopyTest/PcapNgCopyTest.cpp: In function ‘void {anonymous}::testFilterState()’:
/app/Tests/PcapNgCopyTest/PcapNgCopyTest.cpp:859:32: error: ‘class pcpp::PcapNgFileReaderDevice’ has no member named ‘copyFiltered’
  859 |                 require(reader.copyFiltered(output), "non-TCP filtered copy failed");
      |                                ^~~~~~~~~~~~
/app/Tests/PcapNgCopyTest/PcapNgCopyTest.cpp: In function ‘void {anonymous}::testDefaultAndClearedFilter()’:
/app/Tests/PcapNgCopyTest/PcapNgCopyTest.cpp:873:32: error: ‘class pcpp::PcapNgFileReaderDevice’ has no member named ‘copyFiltered’
  873 |                 require(reader.copyFiltered(defaultOutput), "copy with the default filter failed");
      |                                ^~~~~~~~~~~~
/app/Tests/PcapNgCopyTest/PcapNgCopyTest.cpp:878:32: error: ‘class pcpp::PcapNgFileReaderDevice’ has no member named ‘copyFiltered’
  878 |                 require(reader.copyFiltered(clearedOutput), "copy with a cleared filter failed");
      |                                ^~~~~~~~~~~~
/app/Tests/PcapNgCopyTest/PcapNgCopyTest.cpp: In function ‘void {anonymous}::testReaderLifecycle()’:
/app/Tests/PcapNgCopyTest/PcapNgCopyTest.cpp:921:32: error: ‘class pcpp::PcapNgFileReaderDevice’ has no member named ‘copyFiltered’
  921 |                 require(reader.copyFiltered(output), "copy while open failed");
      |                                ^~~~~~~~~~~~
/app/Tests/PcapNgCopyTest/PcapNgCopyTest.cpp:925:32: error: ‘class pcpp::PcapNgFileReaderDevice’ has no member named ‘copyFiltered’
  925 |                 require(reader.copyFiltered(outputAfterClose), "copy after close failed");
      |                                ^~~~~~~~~~~~
/app/Tests/PcapNgCopyTest/PcapNgCopyTest.cpp: In function ‘void {anonymous}::testUnsupportedAndIo()’:
/app/Tests/PcapNgCopyTest/PcapNgCopyTest.cpp:1062:33: error: ‘class pcpp::PcapNgFileReaderDevice’ has no member named ‘copyFiltered’
 1062 |                 require(!reader.copyFiltered("."), "directory output was accepted");
      |                                 ^~~~~~~~~~~~
gmake[3]: *** [Tests/PcapNgCopyTest/CMakeFiles/PcapNgCopyTest.dir/build.make:79: Tests/PcapNgCopyTest/CMakeFiles/PcapNgCopyTest.dir/PcapNgCopyTest.cpp.o] Error 1
gmake[2]: *** [CMakeFiles/Makefile2:1700: Tests/PcapNgCopyTest/CMakeFiles/PcapNgCopyTest.dir/all] Error 2
gmake[1]: *** [CMakeFiles/Makefile2:1707: Tests/PcapNgCopyTest/CMakeFiles/PcapNgCopyTest.dir/rule] Error 2
gmake: *** [Makefile:673: PcapNgCopyTest] Error 2
</failure></testcase><testcase classname="PcapNgCopy.MalformedReferences" name="PcapNgCopy.MalformedReferences"><failure message="test command failed">[  1%] Built target hash-library
[ 11%] Built target light_pcapng
[ 20%] Built target Common++
[ 88%] Built target Packet++
[ 96%] Built target Pcap++
[ 98%] Building CXX object Tests/PcapNgCopyTest/CMakeFiles/PcapNgCopyTest.dir/PcapNgCopyTest.cpp.o
/app/Tests/PcapNgCopyTest/PcapNgCopyTest.cpp: In function ‘bool {anonymous}::copyTcp(const std::string&amp;, const std::string&amp;)’:
/app/Tests/PcapNgCopyTest/PcapNgCopyTest.cpp:724:31: error: ‘class pcpp::PcapNgFileReaderDevice’ has no member named ‘copyFiltered’
  724 |                 return reader.copyFiltered(output);
      |                               ^~~~~~~~~~~~
/app/Tests/PcapNgCopyTest/PcapNgCopyTest.cpp: In function ‘void {anonymous}::testStructureAndFiltering()’:
/app/Tests/PcapNgCopyTest/PcapNgCopyTest.cpp:780:37: error: ‘const class pcpp::PcapNgFileReaderDevice’ has no member named ‘copyFiltered’
  780 |                 require(constReader.copyFiltered(output), "filtered copy failed");
      |                                     ^~~~~~~~~~~~
/app/Tests/PcapNgCopyTest/PcapNgCopyTest.cpp: In function ‘void {anonymous}::testInPlaceReplacement()’:
/app/Tests/PcapNgCopyTest/PcapNgCopyTest.cpp:793:32: error: ‘class pcpp::PcapNgFileReaderDevice’ has no member named ‘copyFiltered’
  793 |                 require(reader.copyFiltered(path), "same-path filtered copy failed");
      |                                ^~~~~~~~~~~~
/app/Tests/PcapNgCopyTest/PcapNgCopyTest.cpp: In function ‘void {anonymous}::testFilterState()’:
/app/Tests/PcapNgCopyTest/PcapNgCopyTest.cpp:859:32: error: ‘class pcpp::PcapNgFileReaderDevice’ has no member named ‘copyFiltered’
  859 |                 require(reader.copyFiltered(output), "non-TCP filtered copy failed");
      |                                ^~~~~~~~~~~~
/app/Tests/PcapNgCopyTest/PcapNgCopyTest.cpp: In function ‘void {anonymous}::testDefaultAndClearedFilter()’:
/app/Tests/PcapNgCopyTest/PcapNgCopyTest.cpp:873:32: error: ‘class pcpp::PcapNgFileReaderDevice’ has no member named ‘copyFiltered’
  873 |                 require(reader.copyFiltered(defaultOutput), "copy with the default filter failed");
      |                                ^~~~~~~~~~~~
/app/Tests/PcapNgCopyTest/PcapNgCopyTest.cpp:878:32: error: ‘class pcpp::PcapNgFileReaderDevice’ has no member named ‘copyFiltered’
  878 |                 require(reader.copyFiltered(clearedOutput), "copy with a cleared filter failed");
      |                                ^~~~~~~~~~~~
/app/Tests/PcapNgCopyTest/PcapNgCopyTest.cpp: In function ‘void {anonymous}::testReaderLifecycle()’:
/app/Tests/PcapNgCopyTest/PcapNgCopyTest.cpp:921:32: error: ‘class pcpp::PcapNgFileReaderDevice’ has no member named ‘copyFiltered’
  921 |                 require(reader.copyFiltered(output), "copy while open failed");
      |                                ^~~~~~~~~~~~
/app/Tests/PcapNgCopyTest/PcapNgCopyTest.cpp:925:32: error: ‘class pcpp::PcapNgFileReaderDevice’ has no member named ‘copyFiltered’
  925 |                 require(reader.copyFiltered(outputAfterClose), "copy after close failed");
      |                                ^~~~~~~~~~~~
/app/Tests/PcapNgCopyTest/PcapNgCopyTest.cpp: In function ‘void {anonymous}::testUnsupportedAndIo()’:
/app/Tests/PcapNgCopyTest/PcapNgCopyTest.cpp:1062:33: error: ‘class pcpp::PcapNgFileReaderDevice’ has no member named ‘copyFiltered’
 1062 |                 require(!reader.copyFiltered("."), "directory output was accepted");
      |                                 ^~~~~~~~~~~~
gmake[3]: *** [Tests/PcapNgCopyTest/CMakeFiles/PcapNgCopyTest.dir/build.make:79: Tests/PcapNgCopyTest/CMakeFiles/PcapNgCopyTest.dir/PcapNgCopyTest.cpp.o] Error 1
gmake[2]: *** [CMakeFiles/Makefile2:1700: Tests/PcapNgCopyTest/CMakeFiles/PcapNgCopyTest.dir/all] Error 2
gmake[1]: *** [CMakeFiles/Makefile2:1707: Tests/PcapNgCopyTest/CMakeFiles/PcapNgCopyTest.dir/rule] Error 2
gmake: *** [Makefile:673: PcapNgCopyTest] Error 2
</failure></testcase><testcase classname="PcapNgCopy.UnsupportedAndIo" name="PcapNgCopy.UnsupportedAndIo"><failure message="test command failed">[  1%] Built target hash-library
[ 11%] Built target light_pcapng
[ 20%] Built target Common++
[ 88%] Built target Packet++
[ 96%] Built target Pcap++
[ 98%] Building CXX object Tests/PcapNgCopyTest/CMakeFiles/PcapNgCopyTest.dir/PcapNgCopyTest.cpp.o
/app/Tests/PcapNgCopyTest/PcapNgCopyTest.cpp: In function ‘bool {anonymous}::copyTcp(const std::string&amp;, const std::string&amp;)’:
/app/Tests/PcapNgCopyTest/PcapNgCopyTest.cpp:724:31: error: ‘class pcpp::PcapNgFileReaderDevice’ has no member named ‘copyFiltered’
  724 |                 return reader.copyFiltered(output);
      |                               ^~~~~~~~~~~~
/app/Tests/PcapNgCopyTest/PcapNgCopyTest.cpp: In function ‘void {anonymous}::testStructureAndFiltering()’:
/app/Tests/PcapNgCopyTest/PcapNgCopyTest.cpp:780:37: error: ‘const class pcpp::PcapNgFileReaderDevice’ has no member named ‘copyFiltered’
  780 |                 require(constReader.copyFiltered(output), "filtered copy failed");
      |                                     ^~~~~~~~~~~~
/app/Tests/PcapNgCopyTest/PcapNgCopyTest.cpp: In function ‘void {anonymous}::testInPlaceReplacement()’:
/app/Tests/PcapNgCopyTest/PcapNgCopyTest.cpp:793:32: error: ‘class pcpp::PcapNgFileReaderDevice’ has no member named ‘copyFiltered’
  793 |                 require(reader.copyFiltered(path), "same-path filtered copy failed");
      |                                ^~~~~~~~~~~~
/app/Tests/PcapNgCopyTest/PcapNgCopyTest.cpp: In function ‘void {anonymous}::testFilterState()’:
/app/Tests/PcapNgCopyTest/PcapNgCopyTest.cpp:859:32: error: ‘class pcpp::PcapNgFileReaderDevice’ has no member named ‘copyFiltered’
  859 |                 require(reader.copyFiltered(output), "non-TCP filtered copy failed");
      |                                ^~~~~~~~~~~~
/app/Tests/PcapNgCopyTest/PcapNgCopyTest.cpp: In function ‘void {anonymous}::testDefaultAndClearedFilter()’:
/app/Tests/PcapNgCopyTest/PcapNgCopyTest.cpp:873:32: error: ‘class pcpp::PcapNgFileReaderDevice’ has no member named ‘copyFiltered’
  873 |                 require(reader.copyFiltered(defaultOutput), "copy with the default filter failed");
      |                                ^~~~~~~~~~~~
/app/Tests/PcapNgCopyTest/PcapNgCopyTest.cpp:878:32: error: ‘class pcpp::PcapNgFileReaderDevice’ has no member named ‘copyFiltered’
  878 |                 require(reader.copyFiltered(clearedOutput), "copy with a cleared filter failed");
      |                                ^~~~~~~~~~~~
/app/Tests/PcapNgCopyTest/PcapNgCopyTest.cpp: In function ‘void {anonymous}::testReaderLifecycle()’:
/app/Tests/PcapNgCopyTest/PcapNgCopyTest.cpp:921:32: error: ‘class pcpp::PcapNgFileReaderDevice’ has no member named ‘copyFiltered’
  921 |                 require(reader.copyFiltered(output), "copy while open failed");
      |                                ^~~~~~~~~~~~
/app/Tests/PcapNgCopyTest/PcapNgCopyTest.cpp:925:32: error: ‘class pcpp::PcapNgFileReaderDevice’ has no member named ‘copyFiltered’
  925 |                 require(reader.copyFiltered(outputAfterClose), "copy after close failed");
      |                                ^~~~~~~~~~~~
/app/Tests/PcapNgCopyTest/PcapNgCopyTest.cpp: In function ‘void {anonymous}::testUnsupportedAndIo()’:
/app/Tests/PcapNgCopyTest/PcapNgCopyTest.cpp:1062:33: error: ‘class pcpp::PcapNgFileReaderDevice’ has no member named ‘copyFiltered’
 1062 |                 require(!reader.copyFiltered("."), "directory output was accepted");
      |                                 ^~~~~~~~~~~~
gmake[3]: *** [Tests/PcapNgCopyTest/CMakeFiles/PcapNgCopyTest.dir/build.make:79: Tests/PcapNgCopyTest/CMakeFiles/PcapNgCopyTest.dir/PcapNgCopyTest.cpp.o] Error 1
gmake[2]: *** [CMakeFiles/Makefile2:1700: Tests/PcapNgCopyTest/CMakeFiles/PcapNgCopyTest.dir/all] Error 2
gmake[1]: *** [CMakeFiles/Makefile2:1707: Tests/PcapNgCopyTest/CMakeFiles/PcapNgCopyTest.dir/rule] Error 2
gmake: *** [Makefile:673: PcapNgCopyTest] Error 2
</failure></testcase></testsuite>