<?xml version='1.0' encoding='utf-8'?>
<testsuite name="Pcap++Test" tests="1" failures="1" errors="0" skipped="0">
  <testcase classname="Pcap++Test" name="Harness">
    <failure message="test command failed">[  1%] Built target hash-library
[ 11%] Built target light_pcapng
[ 20%] Built target Common++
[ 88%] Built target Packet++
[ 96%] Built target Pcap++
[ 98%] Building CXX object Tests/PcapNgCopyTest/CMakeFiles/PcapNgCopyTest.dir/PcapNgCopyTest.cpp.o
/src/Tests/PcapNgCopyTest/PcapNgCopyTest.cpp: In function ‘bool {anonymous}::copyTcp(const std::string&amp;, const std::string&amp;)’:
/src/Tests/PcapNgCopyTest/PcapNgCopyTest.cpp:554:31: error: ‘class pcpp::PcapNgFileReaderDevice’ has no member named ‘copyFiltered’
  554 |                 return reader.copyFiltered(output);
      |                               ^~~~~~~~~~~~
/src/Tests/PcapNgCopyTest/PcapNgCopyTest.cpp: In function ‘void {anonymous}::testStructureAndFiltering()’:
/src/Tests/PcapNgCopyTest/PcapNgCopyTest.cpp:609:32: error: ‘class pcpp::PcapNgFileReaderDevice’ has no member named ‘copyFiltered’
  609 |                 require(reader.copyFiltered(output), "filtered copy failed");
      |                                ^~~~~~~~~~~~
/src/Tests/PcapNgCopyTest/PcapNgCopyTest.cpp: In function ‘void {anonymous}::testReaderLifecycle()’:
/src/Tests/PcapNgCopyTest/PcapNgCopyTest.cpp:629:32: error: ‘class pcpp::PcapNgFileReaderDevice’ has no member named ‘copyFiltered’
  629 |                 require(reader.copyFiltered(output), "copy while open failed");
      |                                ^~~~~~~~~~~~
/src/Tests/PcapNgCopyTest/PcapNgCopyTest.cpp:633:32: error: ‘class pcpp::PcapNgFileReaderDevice’ has no member named ‘copyFiltered’
  633 |                 require(reader.copyFiltered(outputAfterClose), "copy after close failed");
      |                                ^~~~~~~~~~~~
/src/Tests/PcapNgCopyTest/PcapNgCopyTest.cpp: In function ‘void {anonymous}::testUnsupportedAndIo()’:
/src/Tests/PcapNgCopyTest/PcapNgCopyTest.cpp:716:33: error: ‘class pcpp::PcapNgFileReaderDevice’ has no member named ‘copyFiltered’
  716 |                 require(!reader.copyFiltered("."), "directory output was accepted");
      |                                 ^~~~~~~~~~~~
gmake[3]: *** [Tests/PcapNgCopyTest/CMakeFiles/PcapNgCopyTest.dir/build.make:79: Tests/PcapNgCopyTest/CMakeFiles/PcapNgCopyTest.dir/PcapNgCopyTest.cpp.o] Error 1
gmake[2]: *** [CMakeFiles/Makefile2:1700: Tests/PcapNgCopyTest/CMakeFiles/PcapNgCopyTest.dir/all] Error 2
gmake[1]: *** [CMakeFiles/Makefile2:1707: Tests/PcapNgCopyTest/CMakeFiles/PcapNgCopyTest.dir/rule] Error 2
gmake: *** [Makefile:673: PcapNgCopyTest] Error 2
</failure>
  </testcase>
</testsuite>