<?xml version='1.0' encoding='utf-8'?>
<testsuite name="Pcap++Test" tests="11" failures="11" errors="0" skipped="0"><testcase classname="PcapNgCopy.StructureAndFiltering" name="PcapNgCopy.StructureAndFiltering"><failure message="test command failed">[  1%] Built target hash-library
[ 11%] Built target light_pcapng
[ 20%] Built target Common++
[ 88%] Built target Packet++
[ 96%] Built target Pcap++
[ 98%] Building CXX object Tests/PcapNgCopyTest/CMakeFiles/PcapNgCopyTest.dir/PcapNgCopyTest.cpp.o
/src/Tests/PcapNgCopyTest/PcapNgCopyTest.cpp: In function ‘bool {anonymous}::copyTcp(const std::string&amp;, const std::string&amp;)’:
/src/Tests/PcapNgCopyTest/PcapNgCopyTest.cpp:679:31: error: ‘class pcpp::PcapNgFileReaderDevice’ has no member named ‘copyFiltered’
  679 |                 return reader.copyFiltered(output);
      |                               ^~~~~~~~~~~~
/src/Tests/PcapNgCopyTest/PcapNgCopyTest.cpp: In function ‘void {anonymous}::testStructureAndFiltering()’:
/src/Tests/PcapNgCopyTest/PcapNgCopyTest.cpp:734:32: error: ‘class pcpp::PcapNgFileReaderDevice’ has no member named ‘copyFiltered’
  734 |                 require(reader.copyFiltered(output), "filtered copy failed");
      |                                ^~~~~~~~~~~~
/src/Tests/PcapNgCopyTest/PcapNgCopyTest.cpp: In function ‘void {anonymous}::testFilterState()’:
/src/Tests/PcapNgCopyTest/PcapNgCopyTest.cpp:790:32: error: ‘class pcpp::PcapNgFileReaderDevice’ has no member named ‘copyFiltered’
  790 |                 require(reader.copyFiltered(output), "non-TCP filtered copy failed");
      |                                ^~~~~~~~~~~~
/src/Tests/PcapNgCopyTest/PcapNgCopyTest.cpp: In function ‘void {anonymous}::testReaderLifecycle()’:
/src/Tests/PcapNgCopyTest/PcapNgCopyTest.cpp:809:32: error: ‘class pcpp::PcapNgFileReaderDevice’ has no member named ‘copyFiltered’
  809 |                 require(reader.copyFiltered(output), "copy while open failed");
      |                                ^~~~~~~~~~~~
/src/Tests/PcapNgCopyTest/PcapNgCopyTest.cpp:813:32: error: ‘class pcpp::PcapNgFileReaderDevice’ has no member named ‘copyFiltered’
  813 |                 require(reader.copyFiltered(outputAfterClose), "copy after close failed");
      |                                ^~~~~~~~~~~~
/src/Tests/PcapNgCopyTest/PcapNgCopyTest.cpp: In function ‘void {anonymous}::testUnsupportedAndIo()’:
/src/Tests/PcapNgCopyTest/PcapNgCopyTest.cpp:954:33: error: ‘class pcpp::PcapNgFileReaderDevice’ has no member named ‘copyFiltered’
  954 |                 require(!reader.copyFiltered("."), "directory output was accepted");
      |                                 ^~~~~~~~~~~~
gmake[3]: *** [Tests/PcapNgCopyTest/CMakeFiles/PcapNgCopyTest.dir/build.make:79: Tests/PcapNgCopyTest/CMakeFiles/PcapNgCopyTest.dir/PcapNgCopyTest.cpp.o] Error 1
gmake[2]: *** [CMakeFiles/Makefile2:1700: Tests/PcapNgCopyTest/CMakeFiles/PcapNgCopyTest.dir/all] Error 2
gmake[1]: *** [CMakeFiles/Makefile2:1707: Tests/PcapNgCopyTest/CMakeFiles/PcapNgCopyTest.dir/rule] Error 2
gmake: *** [Makefile:673: PcapNgCopyTest] Error 2
</failure></testcase><testcase classname="PcapNgCopy.InterfaceSelection" name="PcapNgCopy.InterfaceSelection"><failure message="test command failed">[  1%] Built target hash-library
[ 11%] Built target light_pcapng
[ 20%] Built target Common++
[ 88%] Built target Packet++
[ 96%] Built target Pcap++
[ 98%] Building CXX object Tests/PcapNgCopyTest/CMakeFiles/PcapNgCopyTest.dir/PcapNgCopyTest.cpp.o
/src/Tests/PcapNgCopyTest/PcapNgCopyTest.cpp: In function ‘bool {anonymous}::copyTcp(const std::string&amp;, const std::string&amp;)’:
/src/Tests/PcapNgCopyTest/PcapNgCopyTest.cpp:679:31: error: ‘class pcpp::PcapNgFileReaderDevice’ has no member named ‘copyFiltered’
  679 |                 return reader.copyFiltered(output);
      |                               ^~~~~~~~~~~~
/src/Tests/PcapNgCopyTest/PcapNgCopyTest.cpp: In function ‘void {anonymous}::testStructureAndFiltering()’:
/src/Tests/PcapNgCopyTest/PcapNgCopyTest.cpp:734:32: error: ‘class pcpp::PcapNgFileReaderDevice’ has no member named ‘copyFiltered’
  734 |                 require(reader.copyFiltered(output), "filtered copy failed");
      |                                ^~~~~~~~~~~~
/src/Tests/PcapNgCopyTest/PcapNgCopyTest.cpp: In function ‘void {anonymous}::testFilterState()’:
/src/Tests/PcapNgCopyTest/PcapNgCopyTest.cpp:790:32: error: ‘class pcpp::PcapNgFileReaderDevice’ has no member named ‘copyFiltered’
  790 |                 require(reader.copyFiltered(output), "non-TCP filtered copy failed");
      |                                ^~~~~~~~~~~~
/src/Tests/PcapNgCopyTest/PcapNgCopyTest.cpp: In function ‘void {anonymous}::testReaderLifecycle()’:
/src/Tests/PcapNgCopyTest/PcapNgCopyTest.cpp:809:32: error: ‘class pcpp::PcapNgFileReaderDevice’ has no member named ‘copyFiltered’
  809 |                 require(reader.copyFiltered(output), "copy while open failed");
      |                                ^~~~~~~~~~~~
/src/Tests/PcapNgCopyTest/PcapNgCopyTest.cpp:813:32: error: ‘class pcpp::PcapNgFileReaderDevice’ has no member named ‘copyFiltered’
  813 |                 require(reader.copyFiltered(outputAfterClose), "copy after close failed");
      |                                ^~~~~~~~~~~~
/src/Tests/PcapNgCopyTest/PcapNgCopyTest.cpp: In function ‘void {anonymous}::testUnsupportedAndIo()’:
/src/Tests/PcapNgCopyTest/PcapNgCopyTest.cpp:954:33: error: ‘class pcpp::PcapNgFileReaderDevice’ has no member named ‘copyFiltered’
  954 |                 require(!reader.copyFiltered("."), "directory output was accepted");
      |                                 ^~~~~~~~~~~~
gmake[3]: *** [Tests/PcapNgCopyTest/CMakeFiles/PcapNgCopyTest.dir/build.make:79: Tests/PcapNgCopyTest/CMakeFiles/PcapNgCopyTest.dir/PcapNgCopyTest.cpp.o] Error 1
gmake[2]: *** [CMakeFiles/Makefile2:1700: Tests/PcapNgCopyTest/CMakeFiles/PcapNgCopyTest.dir/all] Error 2
gmake[1]: *** [CMakeFiles/Makefile2:1707: Tests/PcapNgCopyTest/CMakeFiles/PcapNgCopyTest.dir/rule] Error 2
gmake: *** [Makefile:673: PcapNgCopyTest] Error 2
</failure></testcase><testcase classname="PcapNgCopy.OptionPreservation" name="PcapNgCopy.OptionPreservation"><failure message="test command failed">[  1%] Built target hash-library
[ 11%] Built target light_pcapng
[ 20%] Built target Common++
[ 88%] Built target Packet++
[ 96%] Built target Pcap++
[ 98%] Building CXX object Tests/PcapNgCopyTest/CMakeFiles/PcapNgCopyTest.dir/PcapNgCopyTest.cpp.o
/src/Tests/PcapNgCopyTest/PcapNgCopyTest.cpp: In function ‘bool {anonymous}::copyTcp(const std::string&amp;, const std::string&amp;)’:
/src/Tests/PcapNgCopyTest/PcapNgCopyTest.cpp:679:31: error: ‘class pcpp::PcapNgFileReaderDevice’ has no member named ‘copyFiltered’
  679 |                 return reader.copyFiltered(output);
      |                               ^~~~~~~~~~~~
/src/Tests/PcapNgCopyTest/PcapNgCopyTest.cpp: In function ‘void {anonymous}::testStructureAndFiltering()’:
/src/Tests/PcapNgCopyTest/PcapNgCopyTest.cpp:734:32: error: ‘class pcpp::PcapNgFileReaderDevice’ has no member named ‘copyFiltered’
  734 |                 require(reader.copyFiltered(output), "filtered copy failed");
      |                                ^~~~~~~~~~~~
/src/Tests/PcapNgCopyTest/PcapNgCopyTest.cpp: In function ‘void {anonymous}::testFilterState()’:
/src/Tests/PcapNgCopyTest/PcapNgCopyTest.cpp:790:32: error: ‘class pcpp::PcapNgFileReaderDevice’ has no member named ‘copyFiltered’
  790 |                 require(reader.copyFiltered(output), "non-TCP filtered copy failed");
      |                                ^~~~~~~~~~~~
/src/Tests/PcapNgCopyTest/PcapNgCopyTest.cpp: In function ‘void {anonymous}::testReaderLifecycle()’:
/src/Tests/PcapNgCopyTest/PcapNgCopyTest.cpp:809:32: error: ‘class pcpp::PcapNgFileReaderDevice’ has no member named ‘copyFiltered’
  809 |                 require(reader.copyFiltered(output), "copy while open failed");
      |                                ^~~~~~~~~~~~
/src/Tests/PcapNgCopyTest/PcapNgCopyTest.cpp:813:32: error: ‘class pcpp::PcapNgFileReaderDevice’ has no member named ‘copyFiltered’
  813 |                 require(reader.copyFiltered(outputAfterClose), "copy after close failed");
      |                                ^~~~~~~~~~~~
/src/Tests/PcapNgCopyTest/PcapNgCopyTest.cpp: In function ‘void {anonymous}::testUnsupportedAndIo()’:
/src/Tests/PcapNgCopyTest/PcapNgCopyTest.cpp:954:33: error: ‘class pcpp::PcapNgFileReaderDevice’ has no member named ‘copyFiltered’
  954 |                 require(!reader.copyFiltered("."), "directory output was accepted");
      |                                 ^~~~~~~~~~~~
gmake[3]: *** [Tests/PcapNgCopyTest/CMakeFiles/PcapNgCopyTest.dir/build.make:79: Tests/PcapNgCopyTest/CMakeFiles/PcapNgCopyTest.dir/PcapNgCopyTest.cpp.o] Error 1
gmake[2]: *** [CMakeFiles/Makefile2:1700: Tests/PcapNgCopyTest/CMakeFiles/PcapNgCopyTest.dir/all] Error 2
gmake[1]: *** [CMakeFiles/Makefile2:1707: Tests/PcapNgCopyTest/CMakeFiles/PcapNgCopyTest.dir/rule] Error 2
gmake: *** [Makefile:673: PcapNgCopyTest] Error 2
</failure></testcase><testcase classname="PcapNgCopy.OptionTermination" name="PcapNgCopy.OptionTermination"><failure message="test command failed">[  1%] Built target hash-library
[ 11%] Built target light_pcapng
[ 20%] Built target Common++
[ 88%] Built target Packet++
[ 96%] Built target Pcap++
[ 98%] Building CXX object Tests/PcapNgCopyTest/CMakeFiles/PcapNgCopyTest.dir/PcapNgCopyTest.cpp.o
/src/Tests/PcapNgCopyTest/PcapNgCopyTest.cpp: In function ‘bool {anonymous}::copyTcp(const std::string&amp;, const std::string&amp;)’:
/src/Tests/PcapNgCopyTest/PcapNgCopyTest.cpp:679:31: error: ‘class pcpp::PcapNgFileReaderDevice’ has no member named ‘copyFiltered’
  679 |                 return reader.copyFiltered(output);
      |                               ^~~~~~~~~~~~
/src/Tests/PcapNgCopyTest/PcapNgCopyTest.cpp: In function ‘void {anonymous}::testStructureAndFiltering()’:
/src/Tests/PcapNgCopyTest/PcapNgCopyTest.cpp:734:32: error: ‘class pcpp::PcapNgFileReaderDevice’ has no member named ‘copyFiltered’
  734 |                 require(reader.copyFiltered(output), "filtered copy failed");
      |                                ^~~~~~~~~~~~
/src/Tests/PcapNgCopyTest/PcapNgCopyTest.cpp: In function ‘void {anonymous}::testFilterState()’:
/src/Tests/PcapNgCopyTest/PcapNgCopyTest.cpp:790:32: error: ‘class pcpp::PcapNgFileReaderDevice’ has no member named ‘copyFiltered’
  790 |                 require(reader.copyFiltered(output), "non-TCP filtered copy failed");
      |                                ^~~~~~~~~~~~
/src/Tests/PcapNgCopyTest/PcapNgCopyTest.cpp: In function ‘void {anonymous}::testReaderLifecycle()’:
/src/Tests/PcapNgCopyTest/PcapNgCopyTest.cpp:809:32: error: ‘class pcpp::PcapNgFileReaderDevice’ has no member named ‘copyFiltered’
  809 |                 require(reader.copyFiltered(output), "copy while open failed");
      |                                ^~~~~~~~~~~~
/src/Tests/PcapNgCopyTest/PcapNgCopyTest.cpp:813:32: error: ‘class pcpp::PcapNgFileReaderDevice’ has no member named ‘copyFiltered’
  813 |                 require(reader.copyFiltered(outputAfterClose), "copy after close failed");
      |                                ^~~~~~~~~~~~
/src/Tests/PcapNgCopyTest/PcapNgCopyTest.cpp: In function ‘void {anonymous}::testUnsupportedAndIo()’:
/src/Tests/PcapNgCopyTest/PcapNgCopyTest.cpp:954:33: error: ‘class pcpp::PcapNgFileReaderDevice’ has no member named ‘copyFiltered’
  954 |                 require(!reader.copyFiltered("."), "directory output was accepted");
      |                                 ^~~~~~~~~~~~
gmake[3]: *** [Tests/PcapNgCopyTest/CMakeFiles/PcapNgCopyTest.dir/build.make:79: Tests/PcapNgCopyTest/CMakeFiles/PcapNgCopyTest.dir/PcapNgCopyTest.cpp.o] Error 1
gmake[2]: *** [CMakeFiles/Makefile2:1700: Tests/PcapNgCopyTest/CMakeFiles/PcapNgCopyTest.dir/all] Error 2
gmake[1]: *** [CMakeFiles/Makefile2:1707: Tests/PcapNgCopyTest/CMakeFiles/PcapNgCopyTest.dir/rule] Error 2
gmake: *** [Makefile:673: PcapNgCopyTest] Error 2
</failure></testcase><testcase classname="PcapNgCopy.FilterState" name="PcapNgCopy.FilterState"><failure message="test command failed">[  1%] Built target hash-library
[ 11%] Built target light_pcapng
[ 20%] Built target Common++
[ 88%] Built target Packet++
[ 96%] Built target Pcap++
[ 98%] Building CXX object Tests/PcapNgCopyTest/CMakeFiles/PcapNgCopyTest.dir/PcapNgCopyTest.cpp.o
/src/Tests/PcapNgCopyTest/PcapNgCopyTest.cpp: In function ‘bool {anonymous}::copyTcp(const std::string&amp;, const std::string&amp;)’:
/src/Tests/PcapNgCopyTest/PcapNgCopyTest.cpp:679:31: error: ‘class pcpp::PcapNgFileReaderDevice’ has no member named ‘copyFiltered’
  679 |                 return reader.copyFiltered(output);
      |                               ^~~~~~~~~~~~
/src/Tests/PcapNgCopyTest/PcapNgCopyTest.cpp: In function ‘void {anonymous}::testStructureAndFiltering()’:
/src/Tests/PcapNgCopyTest/PcapNgCopyTest.cpp:734:32: error: ‘class pcpp::PcapNgFileReaderDevice’ has no member named ‘copyFiltered’
  734 |                 require(reader.copyFiltered(output), "filtered copy failed");
      |                                ^~~~~~~~~~~~
/src/Tests/PcapNgCopyTest/PcapNgCopyTest.cpp: In function ‘void {anonymous}::testFilterState()’:
/src/Tests/PcapNgCopyTest/PcapNgCopyTest.cpp:790:32: error: ‘class pcpp::PcapNgFileReaderDevice’ has no member named ‘copyFiltered’
  790 |                 require(reader.copyFiltered(output), "non-TCP filtered copy failed");
      |                                ^~~~~~~~~~~~
/src/Tests/PcapNgCopyTest/PcapNgCopyTest.cpp: In function ‘void {anonymous}::testReaderLifecycle()’:
/src/Tests/PcapNgCopyTest/PcapNgCopyTest.cpp:809:32: error: ‘class pcpp::PcapNgFileReaderDevice’ has no member named ‘copyFiltered’
  809 |                 require(reader.copyFiltered(output), "copy while open failed");
      |                                ^~~~~~~~~~~~
/src/Tests/PcapNgCopyTest/PcapNgCopyTest.cpp:813:32: error: ‘class pcpp::PcapNgFileReaderDevice’ has no member named ‘copyFiltered’
  813 |                 require(reader.copyFiltered(outputAfterClose), "copy after close failed");
      |                                ^~~~~~~~~~~~
/src/Tests/PcapNgCopyTest/PcapNgCopyTest.cpp: In function ‘void {anonymous}::testUnsupportedAndIo()’:
/src/Tests/PcapNgCopyTest/PcapNgCopyTest.cpp:954:33: error: ‘class pcpp::PcapNgFileReaderDevice’ has no member named ‘copyFiltered’
  954 |                 require(!reader.copyFiltered("."), "directory output was accepted");
      |                                 ^~~~~~~~~~~~
gmake[3]: *** [Tests/PcapNgCopyTest/CMakeFiles/PcapNgCopyTest.dir/build.make:79: Tests/PcapNgCopyTest/CMakeFiles/PcapNgCopyTest.dir/PcapNgCopyTest.cpp.o] Error 1
gmake[2]: *** [CMakeFiles/Makefile2:1700: Tests/PcapNgCopyTest/CMakeFiles/PcapNgCopyTest.dir/all] Error 2
gmake[1]: *** [CMakeFiles/Makefile2:1707: Tests/PcapNgCopyTest/CMakeFiles/PcapNgCopyTest.dir/rule] Error 2
gmake: *** [Makefile:673: PcapNgCopyTest] Error 2
</failure></testcase><testcase classname="PcapNgCopy.ReaderLifecycle" name="PcapNgCopy.ReaderLifecycle"><failure message="test command failed">[  1%] Built target hash-library
[ 11%] Built target light_pcapng
[ 20%] Built target Common++
[ 88%] Built target Packet++
[ 96%] Built target Pcap++
[ 98%] Building CXX object Tests/PcapNgCopyTest/CMakeFiles/PcapNgCopyTest.dir/PcapNgCopyTest.cpp.o
/src/Tests/PcapNgCopyTest/PcapNgCopyTest.cpp: In function ‘bool {anonymous}::copyTcp(const std::string&amp;, const std::string&amp;)’:
/src/Tests/PcapNgCopyTest/PcapNgCopyTest.cpp:679:31: error: ‘class pcpp::PcapNgFileReaderDevice’ has no member named ‘copyFiltered’
  679 |                 return reader.copyFiltered(output);
      |                               ^~~~~~~~~~~~
/src/Tests/PcapNgCopyTest/PcapNgCopyTest.cpp: In function ‘void {anonymous}::testStructureAndFiltering()’:
/src/Tests/PcapNgCopyTest/PcapNgCopyTest.cpp:734:32: error: ‘class pcpp::PcapNgFileReaderDevice’ has no member named ‘copyFiltered’
  734 |                 require(reader.copyFiltered(output), "filtered copy failed");
      |                                ^~~~~~~~~~~~
/src/Tests/PcapNgCopyTest/PcapNgCopyTest.cpp: In function ‘void {anonymous}::testFilterState()’:
/src/Tests/PcapNgCopyTest/PcapNgCopyTest.cpp:790:32: error: ‘class pcpp::PcapNgFileReaderDevice’ has no member named ‘copyFiltered’
  790 |                 require(reader.copyFiltered(output), "non-TCP filtered copy failed");
      |                                ^~~~~~~~~~~~
/src/Tests/PcapNgCopyTest/PcapNgCopyTest.cpp: In function ‘void {anonymous}::testReaderLifecycle()’:
/src/Tests/PcapNgCopyTest/PcapNgCopyTest.cpp:809:32: error: ‘class pcpp::PcapNgFileReaderDevice’ has no member named ‘copyFiltered’
  809 |                 require(reader.copyFiltered(output), "copy while open failed");
      |                                ^~~~~~~~~~~~
/src/Tests/PcapNgCopyTest/PcapNgCopyTest.cpp:813:32: error: ‘class pcpp::PcapNgFileReaderDevice’ has no member named ‘copyFiltered’
  813 |                 require(reader.copyFiltered(outputAfterClose), "copy after close failed");
      |                                ^~~~~~~~~~~~
/src/Tests/PcapNgCopyTest/PcapNgCopyTest.cpp: In function ‘void {anonymous}::testUnsupportedAndIo()’:
/src/Tests/PcapNgCopyTest/PcapNgCopyTest.cpp:954:33: error: ‘class pcpp::PcapNgFileReaderDevice’ has no member named ‘copyFiltered’
  954 |                 require(!reader.copyFiltered("."), "directory output was accepted");
      |                                 ^~~~~~~~~~~~
gmake[3]: *** [Tests/PcapNgCopyTest/CMakeFiles/PcapNgCopyTest.dir/build.make:79: Tests/PcapNgCopyTest/CMakeFiles/PcapNgCopyTest.dir/PcapNgCopyTest.cpp.o] Error 1
gmake[2]: *** [CMakeFiles/Makefile2:1700: Tests/PcapNgCopyTest/CMakeFiles/PcapNgCopyTest.dir/all] Error 2
gmake[1]: *** [CMakeFiles/Makefile2:1707: Tests/PcapNgCopyTest/CMakeFiles/PcapNgCopyTest.dir/rule] Error 2
gmake: *** [Makefile:673: PcapNgCopyTest] Error 2
</failure></testcase><testcase classname="PcapNgCopy.NoMatchingPackets" name="PcapNgCopy.NoMatchingPackets"><failure message="test command failed">[  1%] Built target hash-library
[ 11%] Built target light_pcapng
[ 20%] Built target Common++
[ 88%] Built target Packet++
[ 96%] Built target Pcap++
[ 98%] Building CXX object Tests/PcapNgCopyTest/CMakeFiles/PcapNgCopyTest.dir/PcapNgCopyTest.cpp.o
/src/Tests/PcapNgCopyTest/PcapNgCopyTest.cpp: In function ‘bool {anonymous}::copyTcp(const std::string&amp;, const std::string&amp;)’:
/src/Tests/PcapNgCopyTest/PcapNgCopyTest.cpp:679:31: error: ‘class pcpp::PcapNgFileReaderDevice’ has no member named ‘copyFiltered’
  679 |                 return reader.copyFiltered(output);
      |                               ^~~~~~~~~~~~
/src/Tests/PcapNgCopyTest/PcapNgCopyTest.cpp: In function ‘void {anonymous}::testStructureAndFiltering()’:
/src/Tests/PcapNgCopyTest/PcapNgCopyTest.cpp:734:32: error: ‘class pcpp::PcapNgFileReaderDevice’ has no member named ‘copyFiltered’
  734 |                 require(reader.copyFiltered(output), "filtered copy failed");
      |                                ^~~~~~~~~~~~
/src/Tests/PcapNgCopyTest/PcapNgCopyTest.cpp: In function ‘void {anonymous}::testFilterState()’:
/src/Tests/PcapNgCopyTest/PcapNgCopyTest.cpp:790:32: error: ‘class pcpp::PcapNgFileReaderDevice’ has no member named ‘copyFiltered’
  790 |                 require(reader.copyFiltered(output), "non-TCP filtered copy failed");
      |                                ^~~~~~~~~~~~
/src/Tests/PcapNgCopyTest/PcapNgCopyTest.cpp: In function ‘void {anonymous}::testReaderLifecycle()’:
/src/Tests/PcapNgCopyTest/PcapNgCopyTest.cpp:809:32: error: ‘class pcpp::PcapNgFileReaderDevice’ has no member named ‘copyFiltered’
  809 |                 require(reader.copyFiltered(output), "copy while open failed");
      |                                ^~~~~~~~~~~~
/src/Tests/PcapNgCopyTest/PcapNgCopyTest.cpp:813:32: error: ‘class pcpp::PcapNgFileReaderDevice’ has no member named ‘copyFiltered’
  813 |                 require(reader.copyFiltered(outputAfterClose), "copy after close failed");
      |                                ^~~~~~~~~~~~
/src/Tests/PcapNgCopyTest/PcapNgCopyTest.cpp: In function ‘void {anonymous}::testUnsupportedAndIo()’:
/src/Tests/PcapNgCopyTest/PcapNgCopyTest.cpp:954:33: error: ‘class pcpp::PcapNgFileReaderDevice’ has no member named ‘copyFiltered’
  954 |                 require(!reader.copyFiltered("."), "directory output was accepted");
      |                                 ^~~~~~~~~~~~
gmake[3]: *** [Tests/PcapNgCopyTest/CMakeFiles/PcapNgCopyTest.dir/build.make:79: Tests/PcapNgCopyTest/CMakeFiles/PcapNgCopyTest.dir/PcapNgCopyTest.cpp.o] Error 1
gmake[2]: *** [CMakeFiles/Makefile2:1700: Tests/PcapNgCopyTest/CMakeFiles/PcapNgCopyTest.dir/all] Error 2
gmake[1]: *** [CMakeFiles/Makefile2:1707: Tests/PcapNgCopyTest/CMakeFiles/PcapNgCopyTest.dir/rule] Error 2
gmake: *** [Makefile:673: PcapNgCopyTest] Error 2
</failure></testcase><testcase classname="PcapNgCopy.MalformedFraming" name="PcapNgCopy.MalformedFraming"><failure message="test command failed">[  1%] Built target hash-library
[ 11%] Built target light_pcapng
[ 20%] Built target Common++
[ 88%] Built target Packet++
[ 96%] Built target Pcap++
[ 98%] Building CXX object Tests/PcapNgCopyTest/CMakeFiles/PcapNgCopyTest.dir/PcapNgCopyTest.cpp.o
/src/Tests/PcapNgCopyTest/PcapNgCopyTest.cpp: In function ‘bool {anonymous}::copyTcp(const std::string&amp;, const std::string&amp;)’:
/src/Tests/PcapNgCopyTest/PcapNgCopyTest.cpp:679:31: error: ‘class pcpp::PcapNgFileReaderDevice’ has no member named ‘copyFiltered’
  679 |                 return reader.copyFiltered(output);
      |                               ^~~~~~~~~~~~
/src/Tests/PcapNgCopyTest/PcapNgCopyTest.cpp: In function ‘void {anonymous}::testStructureAndFiltering()’:
/src/Tests/PcapNgCopyTest/PcapNgCopyTest.cpp:734:32: error: ‘class pcpp::PcapNgFileReaderDevice’ has no member named ‘copyFiltered’
  734 |                 require(reader.copyFiltered(output), "filtered copy failed");
      |                                ^~~~~~~~~~~~
/src/Tests/PcapNgCopyTest/PcapNgCopyTest.cpp: In function ‘void {anonymous}::testFilterState()’:
/src/Tests/PcapNgCopyTest/PcapNgCopyTest.cpp:790:32: error: ‘class pcpp::PcapNgFileReaderDevice’ has no member named ‘copyFiltered’
  790 |                 require(reader.copyFiltered(output), "non-TCP filtered copy failed");
      |                                ^~~~~~~~~~~~
/src/Tests/PcapNgCopyTest/PcapNgCopyTest.cpp: In function ‘void {anonymous}::testReaderLifecycle()’:
/src/Tests/PcapNgCopyTest/PcapNgCopyTest.cpp:809:32: error: ‘class pcpp::PcapNgFileReaderDevice’ has no member named ‘copyFiltered’
  809 |                 require(reader.copyFiltered(output), "copy while open failed");
      |                                ^~~~~~~~~~~~
/src/Tests/PcapNgCopyTest/PcapNgCopyTest.cpp:813:32: error: ‘class pcpp::PcapNgFileReaderDevice’ has no member named ‘copyFiltered’
  813 |                 require(reader.copyFiltered(outputAfterClose), "copy after close failed");
      |                                ^~~~~~~~~~~~
/src/Tests/PcapNgCopyTest/PcapNgCopyTest.cpp: In function ‘void {anonymous}::testUnsupportedAndIo()’:
/src/Tests/PcapNgCopyTest/PcapNgCopyTest.cpp:954:33: error: ‘class pcpp::PcapNgFileReaderDevice’ has no member named ‘copyFiltered’
  954 |                 require(!reader.copyFiltered("."), "directory output was accepted");
      |                                 ^~~~~~~~~~~~
gmake[3]: *** [Tests/PcapNgCopyTest/CMakeFiles/PcapNgCopyTest.dir/build.make:79: Tests/PcapNgCopyTest/CMakeFiles/PcapNgCopyTest.dir/PcapNgCopyTest.cpp.o] Error 1
gmake[2]: *** [CMakeFiles/Makefile2:1700: Tests/PcapNgCopyTest/CMakeFiles/PcapNgCopyTest.dir/all] Error 2
gmake[1]: *** [CMakeFiles/Makefile2:1707: Tests/PcapNgCopyTest/CMakeFiles/PcapNgCopyTest.dir/rule] Error 2
gmake: *** [Makefile:673: PcapNgCopyTest] Error 2
</failure></testcase><testcase classname="PcapNgCopy.MalformedOptions" name="PcapNgCopy.MalformedOptions"><failure message="test command failed">[  1%] Built target hash-library
[ 11%] Built target light_pcapng
[ 20%] Built target Common++
[ 88%] Built target Packet++
[ 96%] Built target Pcap++
[ 98%] Building CXX object Tests/PcapNgCopyTest/CMakeFiles/PcapNgCopyTest.dir/PcapNgCopyTest.cpp.o
/src/Tests/PcapNgCopyTest/PcapNgCopyTest.cpp: In function ‘bool {anonymous}::copyTcp(const std::string&amp;, const std::string&amp;)’:
/src/Tests/PcapNgCopyTest/PcapNgCopyTest.cpp:679:31: error: ‘class pcpp::PcapNgFileReaderDevice’ has no member named ‘copyFiltered’
  679 |                 return reader.copyFiltered(output);
      |                               ^~~~~~~~~~~~
/src/Tests/PcapNgCopyTest/PcapNgCopyTest.cpp: In function ‘void {anonymous}::testStructureAndFiltering()’:
/src/Tests/PcapNgCopyTest/PcapNgCopyTest.cpp:734:32: error: ‘class pcpp::PcapNgFileReaderDevice’ has no member named ‘copyFiltered’
  734 |                 require(reader.copyFiltered(output), "filtered copy failed");
      |                                ^~~~~~~~~~~~
/src/Tests/PcapNgCopyTest/PcapNgCopyTest.cpp: In function ‘void {anonymous}::testFilterState()’:
/src/Tests/PcapNgCopyTest/PcapNgCopyTest.cpp:790:32: error: ‘class pcpp::PcapNgFileReaderDevice’ has no member named ‘copyFiltered’
  790 |                 require(reader.copyFiltered(output), "non-TCP filtered copy failed");
      |                                ^~~~~~~~~~~~
/src/Tests/PcapNgCopyTest/PcapNgCopyTest.cpp: In function ‘void {anonymous}::testReaderLifecycle()’:
/src/Tests/PcapNgCopyTest/PcapNgCopyTest.cpp:809:32: error: ‘class pcpp::PcapNgFileReaderDevice’ has no member named ‘copyFiltered’
  809 |                 require(reader.copyFiltered(output), "copy while open failed");
      |                                ^~~~~~~~~~~~
/src/Tests/PcapNgCopyTest/PcapNgCopyTest.cpp:813:32: error: ‘class pcpp::PcapNgFileReaderDevice’ has no member named ‘copyFiltered’
  813 |                 require(reader.copyFiltered(outputAfterClose), "copy after close failed");
      |                                ^~~~~~~~~~~~
/src/Tests/PcapNgCopyTest/PcapNgCopyTest.cpp: In function ‘void {anonymous}::testUnsupportedAndIo()’:
/src/Tests/PcapNgCopyTest/PcapNgCopyTest.cpp:954:33: error: ‘class pcpp::PcapNgFileReaderDevice’ has no member named ‘copyFiltered’
  954 |                 require(!reader.copyFiltered("."), "directory output was accepted");
      |                                 ^~~~~~~~~~~~
gmake[3]: *** [Tests/PcapNgCopyTest/CMakeFiles/PcapNgCopyTest.dir/build.make:79: Tests/PcapNgCopyTest/CMakeFiles/PcapNgCopyTest.dir/PcapNgCopyTest.cpp.o] Error 1
gmake[2]: *** [CMakeFiles/Makefile2:1700: Tests/PcapNgCopyTest/CMakeFiles/PcapNgCopyTest.dir/all] Error 2
gmake[1]: *** [CMakeFiles/Makefile2:1707: Tests/PcapNgCopyTest/CMakeFiles/PcapNgCopyTest.dir/rule] Error 2
gmake: *** [Makefile:673: PcapNgCopyTest] Error 2
</failure></testcase><testcase classname="PcapNgCopy.MalformedReferences" name="PcapNgCopy.MalformedReferences"><failure message="test command failed">[  1%] Built target hash-library
[ 11%] Built target light_pcapng
[ 20%] Built target Common++
[ 88%] Built target Packet++
[ 96%] Built target Pcap++
[ 98%] Building CXX object Tests/PcapNgCopyTest/CMakeFiles/PcapNgCopyTest.dir/PcapNgCopyTest.cpp.o
/src/Tests/PcapNgCopyTest/PcapNgCopyTest.cpp: In function ‘bool {anonymous}::copyTcp(const std::string&amp;, const std::string&amp;)’:
/src/Tests/PcapNgCopyTest/PcapNgCopyTest.cpp:679:31: error: ‘class pcpp::PcapNgFileReaderDevice’ has no member named ‘copyFiltered’
  679 |                 return reader.copyFiltered(output);
      |                               ^~~~~~~~~~~~
/src/Tests/PcapNgCopyTest/PcapNgCopyTest.cpp: In function ‘void {anonymous}::testStructureAndFiltering()’:
/src/Tests/PcapNgCopyTest/PcapNgCopyTest.cpp:734:32: error: ‘class pcpp::PcapNgFileReaderDevice’ has no member named ‘copyFiltered’
  734 |                 require(reader.copyFiltered(output), "filtered copy failed");
      |                                ^~~~~~~~~~~~
/src/Tests/PcapNgCopyTest/PcapNgCopyTest.cpp: In function ‘void {anonymous}::testFilterState()’:
/src/Tests/PcapNgCopyTest/PcapNgCopyTest.cpp:790:32: error: ‘class pcpp::PcapNgFileReaderDevice’ has no member named ‘copyFiltered’
  790 |                 require(reader.copyFiltered(output), "non-TCP filtered copy failed");
      |                                ^~~~~~~~~~~~
/src/Tests/PcapNgCopyTest/PcapNgCopyTest.cpp: In function ‘void {anonymous}::testReaderLifecycle()’:
/src/Tests/PcapNgCopyTest/PcapNgCopyTest.cpp:809:32: error: ‘class pcpp::PcapNgFileReaderDevice’ has no member named ‘copyFiltered’
  809 |                 require(reader.copyFiltered(output), "copy while open failed");
      |                                ^~~~~~~~~~~~
/src/Tests/PcapNgCopyTest/PcapNgCopyTest.cpp:813:32: error: ‘class pcpp::PcapNgFileReaderDevice’ has no member named ‘copyFiltered’
  813 |                 require(reader.copyFiltered(outputAfterClose), "copy after close failed");
      |                                ^~~~~~~~~~~~
/src/Tests/PcapNgCopyTest/PcapNgCopyTest.cpp: In function ‘void {anonymous}::testUnsupportedAndIo()’:
/src/Tests/PcapNgCopyTest/PcapNgCopyTest.cpp:954:33: error: ‘class pcpp::PcapNgFileReaderDevice’ has no member named ‘copyFiltered’
  954 |                 require(!reader.copyFiltered("."), "directory output was accepted");
      |                                 ^~~~~~~~~~~~
gmake[3]: *** [Tests/PcapNgCopyTest/CMakeFiles/PcapNgCopyTest.dir/build.make:79: Tests/PcapNgCopyTest/CMakeFiles/PcapNgCopyTest.dir/PcapNgCopyTest.cpp.o] Error 1
gmake[2]: *** [CMakeFiles/Makefile2:1700: Tests/PcapNgCopyTest/CMakeFiles/PcapNgCopyTest.dir/all] Error 2
gmake[1]: *** [CMakeFiles/Makefile2:1707: Tests/PcapNgCopyTest/CMakeFiles/PcapNgCopyTest.dir/rule] Error 2
gmake: *** [Makefile:673: PcapNgCopyTest] Error 2
</failure></testcase><testcase classname="PcapNgCopy.UnsupportedAndIo" name="PcapNgCopy.UnsupportedAndIo"><failure message="test command failed">[  1%] Built target hash-library
[ 11%] Built target light_pcapng
[ 20%] Built target Common++
[ 88%] Built target Packet++
[ 96%] Built target Pcap++
[ 98%] Building CXX object Tests/PcapNgCopyTest/CMakeFiles/PcapNgCopyTest.dir/PcapNgCopyTest.cpp.o
/src/Tests/PcapNgCopyTest/PcapNgCopyTest.cpp: In function ‘bool {anonymous}::copyTcp(const std::string&amp;, const std::string&amp;)’:
/src/Tests/PcapNgCopyTest/PcapNgCopyTest.cpp:679:31: error: ‘class pcpp::PcapNgFileReaderDevice’ has no member named ‘copyFiltered’
  679 |                 return reader.copyFiltered(output);
      |                               ^~~~~~~~~~~~
/src/Tests/PcapNgCopyTest/PcapNgCopyTest.cpp: In function ‘void {anonymous}::testStructureAndFiltering()’:
/src/Tests/PcapNgCopyTest/PcapNgCopyTest.cpp:734:32: error: ‘class pcpp::PcapNgFileReaderDevice’ has no member named ‘copyFiltered’
  734 |                 require(reader.copyFiltered(output), "filtered copy failed");
      |                                ^~~~~~~~~~~~
/src/Tests/PcapNgCopyTest/PcapNgCopyTest.cpp: In function ‘void {anonymous}::testFilterState()’:
/src/Tests/PcapNgCopyTest/PcapNgCopyTest.cpp:790:32: error: ‘class pcpp::PcapNgFileReaderDevice’ has no member named ‘copyFiltered’
  790 |                 require(reader.copyFiltered(output), "non-TCP filtered copy failed");
      |                                ^~~~~~~~~~~~
/src/Tests/PcapNgCopyTest/PcapNgCopyTest.cpp: In function ‘void {anonymous}::testReaderLifecycle()’:
/src/Tests/PcapNgCopyTest/PcapNgCopyTest.cpp:809:32: error: ‘class pcpp::PcapNgFileReaderDevice’ has no member named ‘copyFiltered’
  809 |                 require(reader.copyFiltered(output), "copy while open failed");
      |                                ^~~~~~~~~~~~
/src/Tests/PcapNgCopyTest/PcapNgCopyTest.cpp:813:32: error: ‘class pcpp::PcapNgFileReaderDevice’ has no member named ‘copyFiltered’
  813 |                 require(reader.copyFiltered(outputAfterClose), "copy after close failed");
      |                                ^~~~~~~~~~~~
/src/Tests/PcapNgCopyTest/PcapNgCopyTest.cpp: In function ‘void {anonymous}::testUnsupportedAndIo()’:
/src/Tests/PcapNgCopyTest/PcapNgCopyTest.cpp:954:33: error: ‘class pcpp::PcapNgFileReaderDevice’ has no member named ‘copyFiltered’
  954 |                 require(!reader.copyFiltered("."), "directory output was accepted");
      |                                 ^~~~~~~~~~~~
gmake[3]: *** [Tests/PcapNgCopyTest/CMakeFiles/PcapNgCopyTest.dir/build.make:79: Tests/PcapNgCopyTest/CMakeFiles/PcapNgCopyTest.dir/PcapNgCopyTest.cpp.o] Error 1
gmake[2]: *** [CMakeFiles/Makefile2:1700: Tests/PcapNgCopyTest/CMakeFiles/PcapNgCopyTest.dir/all] Error 2
gmake[1]: *** [CMakeFiles/Makefile2:1707: Tests/PcapNgCopyTest/CMakeFiles/PcapNgCopyTest.dir/rule] Error 2
gmake: *** [Makefile:673: PcapNgCopyTest] Error 2
</failure></testcase></testsuite>
